2025-04-12 15:39:40,228 [INFO] Activator:176 - 


2025-04-12 15:39:40,231 [INFO] Activator:177 - !SESSION log4j initialized
2025-04-12 15:39:46,388 [INFO] LogOutputStream:77 - [STDOUT_REDIRECT] 
2025-04-12 15:39:49,081 [INFO] ApplicationProperties:184 - Using Application install path: C:\ST\STM32CubeIDE_1.16.0\STM32CubeIDE\plugins\com.st.stm32cube.common.mx_6.12.0.202406281431
2025-04-12 15:39:49,098 [INFO] DbMcusXml:78 - Set database path to: C:\ST\STM32CubeIDE_1.16.0\STM32CubeIDE\plugins\com.st.stm32cube.common.mx_6.12.0.202406281431\\db\/mcu/
2025-04-12 15:39:49,098 [INFO] ApiDb:274 - Set plugin database path to: C:\ST\STM32CubeIDE_1.16.0\STM32CubeIDE\plugins\com.st.stm32cube.common.mx_6.12.0.202406281431\\db\/plugins/boardmanager/
2025-04-12 15:39:49,098 [WARN] ApiDb:259 - Overriding images path with different value:  => C:\ST\STM32CubeIDE_1.16.0\STM32CubeIDE\plugins\com.st.stm32cube.common.mx_6.12.0.202406281431\\db\/plugins/mcufinder/images/
2025-04-12 15:39:49,106 [INFO] ApiDb:250 - Set database path to: C:\Users\OS\.stmcufinder\plugins\mcufinder//mcu/
2025-04-12 15:39:49,107 [INFO] DbMcusAds:125 - Set database path to: C:\Users\OS\.stmcufinder\plugins\mcufinder//mcu/
2025-04-12 15:39:50,083 [INFO] CrossReferenceDbSqlite:203 - Set database path to: C:\Users\OS\.stmcufinder\plugins\mcufinder//mcu/cs/
2025-04-12 15:39:50,178 [INFO] RulesReader:64 - Compatibility file has been processed (297 Rules)
2025-04-12 15:39:50,242 [INFO] DbMcusXml:78 - Set database path to: C:\ST\STM32CubeIDE_1.16.0\STM32CubeIDE\plugins\com.st.stm32cube.common.mx_6.12.0.202406281431\\db\/mcu/
2025-04-12 15:39:50,242 [INFO] ApiDb:274 - Set plugin database path to: C:\ST\STM32CubeIDE_1.16.0\STM32CubeIDE\plugins\com.st.stm32cube.common.mx_6.12.0.202406281431\\db\/plugins/boardmanager/
2025-04-12 15:39:50,242 [INFO] ApiDb:261 - Set plugin images path to: C:\ST\STM32CubeIDE_1.16.0\STM32CubeIDE\plugins\com.st.stm32cube.common.mx_6.12.0.202406281431\\db\/plugins/mcufinder/images/
2025-04-12 15:39:50,242 [WARN] DbFile:41 - Overriding database path with different value: C:\Users\OS\.stmcufinder\plugins\mcufinder/ => C:\Users\OS\.stmcufinder\plugins\mcufinder
2025-04-12 15:39:50,242 [INFO] ApiDb:250 - Set database path to: C:\Users\OS\.stmcufinder\plugins\mcufinder//mcu/
2025-04-12 15:39:50,242 [WARN] DbFile:41 - Overriding database path with different value: C:\Users\OS\.stmcufinder\plugins\mcufinder/ => C:\Users\OS\.stmcufinder\plugins\mcufinder
2025-04-12 15:39:50,242 [INFO] DbMcusAds:125 - Set database path to: C:\Users\OS\.stmcufinder\plugins\mcufinder//mcu/
2025-04-12 15:39:50,242 [WARN] DbFile:41 - Overriding database path with different value: C:\Users\OS\.stmcufinder\plugins\mcufinder/ => C:\Users\OS\.stmcufinder\plugins\mcufinder
2025-04-12 15:39:50,242 [WARN] DbFile:41 - Overriding database path with different value: C:\Users\OS\.stmcufinder\plugins\mcufinder/ => C:\Users\OS\.stmcufinder\plugins\mcufinder
2025-04-12 15:39:51,081 [INFO] CrossReferenceDbSqlite:203 - Set database path to: C:\Users\OS\.stmcufinder\plugins\mcufinder//mcu/cs/
2025-04-12 15:39:51,162 [INFO] MainPanel:268 - HeapMemory: 268435456
2025-04-12 15:39:51,240 [INFO] DbMcusXml:78 - Set database path to: C:\ST\STM32CubeIDE_1.16.0\STM32CubeIDE\plugins\com.st.stm32cube.common.mx_6.12.0.202406281431\\db\/mcu/
2025-04-12 15:39:51,240 [INFO] ApiDb:274 - Set plugin database path to: C:\ST\STM32CubeIDE_1.16.0\STM32CubeIDE\plugins\com.st.stm32cube.common.mx_6.12.0.202406281431\\db\/plugins/boardmanager/
2025-04-12 15:39:51,240 [INFO] ApiDb:261 - Set plugin images path to: C:\ST\STM32CubeIDE_1.16.0\STM32CubeIDE\plugins\com.st.stm32cube.common.mx_6.12.0.202406281431\\db\/plugins/mcufinder/images/
2025-04-12 15:39:51,240 [WARN] DbFile:41 - Overriding database path with different value: C:\Users\OS\.stmcufinder\plugins\mcufinder/ => C:\Users\OS\.stmcufinder\plugins\mcufinder
2025-04-12 15:39:51,240 [INFO] ApiDb:250 - Set database path to: C:\Users\OS\.stmcufinder\plugins\mcufinder//mcu/
2025-04-12 15:39:51,240 [WARN] DbFile:41 - Overriding database path with different value: C:\Users\OS\.stmcufinder\plugins\mcufinder/ => C:\Users\OS\.stmcufinder\plugins\mcufinder
2025-04-12 15:39:51,240 [INFO] DbMcusAds:125 - Set database path to: C:\Users\OS\.stmcufinder\plugins\mcufinder//mcu/
2025-04-12 15:39:51,240 [WARN] DbFile:41 - Overriding database path with different value: C:\Users\OS\.stmcufinder\plugins\mcufinder/ => C:\Users\OS\.stmcufinder\plugins\mcufinder
2025-04-12 15:39:51,240 [WARN] DbFile:41 - Overriding database path with different value: C:\Users\OS\.stmcufinder\plugins\mcufinder/ => C:\Users\OS\.stmcufinder\plugins\mcufinder
2025-04-12 15:39:52,094 [INFO] CrossReferenceDbSqlite:203 - Set database path to: C:\Users\OS\.stmcufinder\plugins\mcufinder//mcu/cs/
2025-04-12 15:39:52,110 [INFO] ApplicationProperties:184 - Using Application install path: C:\ST\STM32CubeIDE_1.16.0\STM32CubeIDE\plugins\com.st.stm32cube.common.mx_6.12.0.202406281431
2025-04-12 15:39:52,110 [INFO] PluginManage:196 - Search for loadable plugins [exclusion list=, ]
2025-04-12 15:39:52,110 [INFO] PluginManage:310 - Check plugin analytics
2025-04-12 15:39:53,156 [INFO] AnalyticsPlugin:253 - Accepted Software Licenses: STM32CubeMX.6.10.0
2025-04-12 15:39:53,156 [INFO] AnalyticsPlugin:255 - Accepted CMSIS Pack Licenses: STMicroelectronics.X-CUBE-AI.10.0.0
2025-04-12 15:39:53,156 [INFO] AnalyticsPlugin:257 - Accepted Firmware Licenses: FW.F4.1.28.0,FW.F7.1.17.0
2025-04-12 15:39:53,160 [INFO] PluginManage:359 - Loaded plugin analytics (category:tool,tabindex:-1)
2025-04-12 15:39:53,160 [INFO] PluginManage:310 - Check plugin cadmodel
2025-04-12 15:39:53,165 [INFO] CADModel:105 - Init CAD model plugin
2025-04-12 15:39:53,165 [INFO] PluginManage:359 - Loaded plugin cadmodel (category:power,tabindex:5)
2025-04-12 15:39:53,165 [INFO] PluginManage:310 - Check plugin clock
2025-04-12 15:39:53,165 [INFO] PluginManage:359 - Loaded plugin clock (category:base,tabindex:2)
2025-04-12 15:39:53,165 [INFO] PluginManage:310 - Check plugin ddr
2025-04-12 15:39:53,165 [INFO] PluginManage:359 - Loaded plugin ddr (category:tool,tabindex:6)
2025-04-12 15:39:53,165 [INFO] PluginManage:310 - Check plugin filemanager
2025-04-12 15:39:53,322 [INFO] PluginManage:359 - Loaded plugin filemanager (category:base,tabindex:10)
2025-04-12 15:39:53,322 [INFO] PluginManage:310 - Check plugin ipmanager
2025-04-12 15:39:53,336 [INFO] PluginManage:359 - Loaded plugin ipmanager (category:base,tabindex:5)
2025-04-12 15:39:53,336 [INFO] PluginManage:310 - Check plugin lpbam
2025-04-12 15:39:53,341 [INFO] PluginManage:359 - Loaded plugin lpbam (category:base,tabindex:0)
2025-04-12 15:39:53,341 [INFO] PluginManage:310 - Check plugin memorymap
2025-04-12 15:39:53,367 [INFO] PluginManage:359 - Loaded plugin memorymap (category:base,tabindex:4)
2025-04-12 15:39:53,367 [INFO] PluginManage:310 - Check plugin pinoutandconfiguration
2025-04-12 15:39:53,377 [INFO] PluginManage:359 - Loaded plugin pinoutandconfiguration (category:base,tabindex:1)
2025-04-12 15:39:53,377 [INFO] PluginManage:310 - Check plugin pinoutconfig
2025-04-12 15:39:53,467 [WARN] SupportedApi:132 - Cannot load RTOS API schema: s4s-elt-must-match.1: The content of 'definitions' must match (annotation?, (simpleType | complexType)?, (unique | key | keyref)*)). A problem was found starting at: attribute.
2025-04-12 15:39:53,580 [INFO] PluginManage:359 - Loaded plugin pinoutconfig (category:base,tabindex:0)
2025-04-12 15:39:53,580 [INFO] PluginManage:310 - Check plugin power
2025-04-12 15:39:53,586 [INFO] PluginManage:359 - Loaded plugin power (category:power,tabindex:4)
2025-04-12 15:39:53,586 [INFO] PluginManage:310 - Check plugin projectmanager
2025-04-12 15:39:53,602 [INFO] PluginManage:359 - Loaded plugin projectmanager (category:projectmanager,tabindex:4)
2025-04-12 15:39:53,602 [INFO] PluginManage:310 - Check plugin rif
2025-04-12 15:39:53,602 [INFO] PluginManage:359 - Loaded plugin rif (category:base,tabindex:3)
2025-04-12 15:39:53,602 [INFO] PluginManage:310 - Check plugin thirdparty
2025-04-12 15:39:53,719 [INFO] PluginManage:359 - Loaded plugin thirdparty (category:base,tabindex:-1)
2025-04-12 15:39:53,719 [INFO] PluginManage:310 - Check plugin tools
2025-04-12 15:39:53,719 [WARN] IntegrityCheckThread:84 - waiting for thirdparty lock release [integrity check]
2025-04-12 15:39:53,719 [INFO] IntegrityCheckThread:86 - entering critical section [integrity check]
2025-04-12 15:39:53,719 [INFO] ThirdPartyUpdaterWithRetryManager:70 - Updater plugin not ready yet. [1/15]
2025-04-12 15:39:53,721 [INFO] PluginManage:359 - Loaded plugin tools (category:base,tabindex:7)
2025-04-12 15:39:53,721 [INFO] PluginManage:310 - Check plugin tutovideos
2025-04-12 15:39:53,879 [INFO] PluginManage:359 - Loaded plugin tutovideos (category:base,tabindex:-1)
2025-04-12 15:39:53,879 [INFO] PluginManage:310 - Check plugin updater
2025-04-12 15:39:53,885 [INFO] PluginManage:359 - Loaded plugin updater (category:base,tabindex:12)
2025-04-12 15:39:53,885 [INFO] PluginManage:310 - Check plugin userauth
2025-04-12 15:39:53,895 [INFO] UserAuth:113 - Init User Auth plugin
2025-04-12 15:39:53,895 [INFO] PluginManage:359 - Loaded plugin userauth (category:base,tabindex:14)
2025-04-12 15:39:53,895 [INFO] PluginManage:283 - PluginManage : Loaded plugins [18]
2025-04-12 15:39:54,090 [INFO] PinOutPanel:1561 - setPackage(No Configuration,No Configuration)
2025-04-12 15:39:54,169 [INFO] CADModel:165 - CPN selected for project level
2025-04-12 15:39:54,169 [INFO] CADModel:114 - Register for checkConnection events
2025-04-12 15:39:54,169 [INFO] IPUIPlugin:80 - create IPUIPlugin
2025-04-12 15:39:54,169 [INFO] PluginManager:220 - loadIPPluginJar : add adc
2025-04-12 15:39:54,169 [INFO] IPUIPlugin:80 - create IPUIPlugin
2025-04-12 15:39:54,169 [INFO] PluginManager:220 - loadIPPluginJar : add aes
2025-04-12 15:39:54,185 [INFO] IPUIPlugin:80 - create IPUIPlugin
2025-04-12 15:39:54,185 [INFO] PluginManager:220 - loadIPPluginJar : add can
2025-04-12 15:39:54,185 [INFO] IPUIPlugin:80 - create IPUIPlugin
2025-04-12 15:39:54,185 [INFO] PluginManager:220 - loadIPPluginJar : add comp
2025-04-12 15:39:54,185 [INFO] IPUIPlugin:80 - create IPUIPlugin
2025-04-12 15:39:54,185 [INFO] PluginManager:220 - loadIPPluginJar : add cryp
2025-04-12 15:39:54,185 [INFO] IPUIPlugin:80 - create IPUIPlugin
2025-04-12 15:39:54,185 [INFO] PluginManager:220 - loadIPPluginJar : add ddr_ctrl_phy
2025-04-12 15:39:54,185 [INFO] IPUIPlugin:80 - create IPUIPlugin
2025-04-12 15:39:54,185 [INFO] PluginManager:220 - loadIPPluginJar : add dfsdm
2025-04-12 15:39:54,197 [INFO] IPUIPlugin:80 - create IPUIPlugin
2025-04-12 15:39:54,197 [INFO] PluginManager:220 - loadIPPluginJar : add dma
2025-04-12 15:39:54,200 [INFO] IPUIPlugin:80 - create IPUIPlugin
2025-04-12 15:39:54,200 [INFO] PluginManager:220 - loadIPPluginJar : add dma3
2025-04-12 15:39:54,202 [INFO] IPUIPlugin:80 - create IPUIPlugin
2025-04-12 15:39:54,202 [INFO] PluginManager:220 - loadIPPluginJar : add extmemmanager
2025-04-12 15:39:54,204 [INFO] IPUIPlugin:80 - create IPUIPlugin
2025-04-12 15:39:54,204 [INFO] PluginManager:220 - loadIPPluginJar : add fatfs
2025-04-12 15:39:54,206 [INFO] IPUIPlugin:80 - create IPUIPlugin
2025-04-12 15:39:54,206 [INFO] PluginManager:220 - loadIPPluginJar : add fmc
2025-04-12 15:39:54,210 [INFO] IPUIPlugin:80 - create IPUIPlugin
2025-04-12 15:39:54,210 [INFO] PluginManager:220 - loadIPPluginJar : add freertos
2025-04-12 15:39:54,210 [INFO] IPUIPlugin:80 - create IPUIPlugin
2025-04-12 15:39:54,210 [INFO] PluginManager:220 - loadIPPluginJar : add genericplugin
2025-04-12 15:39:54,210 [INFO] IPUIPlugin:80 - create IPUIPlugin
2025-04-12 15:39:54,216 [INFO] PluginManager:220 - loadIPPluginJar : add gfxmmu
2025-04-12 15:39:54,216 [INFO] IPUIPlugin:80 - create IPUIPlugin
2025-04-12 15:39:54,216 [INFO] PluginManager:220 - loadIPPluginJar : add gic
2025-04-12 15:39:54,221 [INFO] IPUIPlugin:80 - create IPUIPlugin
2025-04-12 15:39:54,221 [INFO] PluginManager:220 - loadIPPluginJar : add gpio
2025-04-12 15:39:54,221 [INFO] IPUIPlugin:80 - create IPUIPlugin
2025-04-12 15:39:54,221 [INFO] PluginManager:220 - loadIPPluginJar : add gtzc
2025-04-12 15:39:54,221 [INFO] IPUIPlugin:80 - create IPUIPlugin
2025-04-12 15:39:54,221 [INFO] PluginManager:220 - loadIPPluginJar : add hash
2025-04-12 15:39:54,221 [INFO] IPUIPlugin:80 - create IPUIPlugin
2025-04-12 15:39:54,221 [INFO] PluginManager:220 - loadIPPluginJar : add i2c
2025-04-12 15:39:54,221 [INFO] IPUIPlugin:80 - create IPUIPlugin
2025-04-12 15:39:54,221 [INFO] PluginManager:220 - loadIPPluginJar : add i2s
2025-04-12 15:39:54,221 [INFO] IPUIPlugin:80 - create IPUIPlugin
2025-04-12 15:39:54,221 [INFO] PluginManager:220 - loadIPPluginJar : add i3c
2025-04-12 15:39:54,232 [INFO] IPUIPlugin:80 - create IPUIPlugin
2025-04-12 15:39:54,232 [INFO] PluginManager:220 - loadIPPluginJar : add ipddr
2025-04-12 15:39:54,232 [INFO] IPUIPlugin:80 - create IPUIPlugin
2025-04-12 15:39:54,232 [INFO] PluginManager:220 - loadIPPluginJar : add linkedlist
2025-04-12 15:39:54,232 [INFO] IPUIPlugin:80 - create IPUIPlugin
2025-04-12 15:39:54,232 [INFO] PluginManager:220 - loadIPPluginJar : add lorawan
2025-04-12 15:39:54,232 [INFO] IPUIPlugin:80 - create IPUIPlugin
2025-04-12 15:39:54,232 [INFO] PluginManager:220 - loadIPPluginJar : add ltdc
2025-04-12 15:39:54,232 [INFO] IPUIPlugin:80 - create IPUIPlugin
2025-04-12 15:39:54,232 [INFO] PluginManager:220 - loadIPPluginJar : add mdma
2025-04-12 15:39:54,248 [INFO] IPUIPlugin:80 - create IPUIPlugin
2025-04-12 15:39:54,248 [INFO] PluginManager:220 - loadIPPluginJar : add nvic
2025-04-12 15:39:54,248 [INFO] IPUIPlugin:80 - create IPUIPlugin
2025-04-12 15:39:54,248 [INFO] PluginManager:220 - loadIPPluginJar : add opamp
2025-04-12 15:39:54,248 [INFO] IPUIPlugin:80 - create IPUIPlugin
2025-04-12 15:39:54,248 [INFO] PluginManager:220 - loadIPPluginJar : add openamp
2025-04-12 15:39:54,248 [INFO] IPUIPlugin:80 - create IPUIPlugin
2025-04-12 15:39:54,248 [INFO] PluginManager:220 - loadIPPluginJar : add pdm2pcm
2025-04-12 15:39:54,248 [INFO] IPUIPlugin:80 - create IPUIPlugin
2025-04-12 15:39:54,248 [INFO] PluginManager:220 - loadIPPluginJar : add plateformsettings
2025-04-12 15:39:54,248 [INFO] IPUIPlugin:80 - create IPUIPlugin
2025-04-12 15:39:54,248 [INFO] PluginManager:220 - loadIPPluginJar : add quadspi
2025-04-12 15:39:54,264 [INFO] IPUIPlugin:80 - create IPUIPlugin
2025-04-12 15:39:54,264 [INFO] PluginManager:220 - loadIPPluginJar : add radio
2025-04-12 15:39:54,264 [INFO] IPUIPlugin:80 - create IPUIPlugin
2025-04-12 15:39:54,264 [INFO] PluginManager:220 - loadIPPluginJar : add resmgrutility
2025-04-12 15:39:54,268 [INFO] IPUIPlugin:80 - create IPUIPlugin
2025-04-12 15:39:54,268 [INFO] PluginManager:220 - loadIPPluginJar : add sai
2025-04-12 15:39:54,268 [INFO] IPUIPlugin:80 - create IPUIPlugin
2025-04-12 15:39:54,268 [INFO] PluginManager:220 - loadIPPluginJar : add spi
2025-04-12 15:39:54,268 [INFO] IPUIPlugin:80 - create IPUIPlugin
2025-04-12 15:39:54,268 [INFO] PluginManager:220 - loadIPPluginJar : add stm32_wpan
2025-04-12 15:39:54,268 [INFO] IPUIPlugin:80 - create IPUIPlugin
2025-04-12 15:39:54,268 [INFO] PluginManager:220 - loadIPPluginJar : add tim
2025-04-12 15:39:54,268 [INFO] IPUIPlugin:80 - create IPUIPlugin
2025-04-12 15:39:54,268 [INFO] PluginManager:220 - loadIPPluginJar : add touchsensing
2025-04-12 15:39:54,268 [INFO] IPUIPlugin:80 - create IPUIPlugin
2025-04-12 15:39:54,268 [INFO] PluginManager:220 - loadIPPluginJar : add tracer_emb
2025-04-12 15:39:54,268 [INFO] IPUIPlugin:80 - create IPUIPlugin
2025-04-12 15:39:54,268 [INFO] PluginManager:220 - loadIPPluginJar : add ts
2025-04-12 15:39:54,280 [INFO] IPUIPlugin:80 - create IPUIPlugin
2025-04-12 15:39:54,280 [INFO] PluginManager:220 - loadIPPluginJar : add tsc
2025-04-12 15:39:54,280 [INFO] IPUIPlugin:80 - create IPUIPlugin
2025-04-12 15:39:54,280 [INFO] PluginManager:220 - loadIPPluginJar : add ucpd
2025-04-12 15:39:54,280 [INFO] IPUIPlugin:80 - create IPUIPlugin
2025-04-12 15:39:54,280 [INFO] PluginManager:220 - loadIPPluginJar : add usart
2025-04-12 15:39:54,280 [INFO] IPUIPlugin:80 - create IPUIPlugin
2025-04-12 15:39:54,280 [INFO] PluginManager:220 - loadIPPluginJar : add usbx
2025-04-12 15:39:54,407 [INFO] CADModel:165 - CPN selected for project level
2025-04-12 15:39:54,407 [INFO] CADModel:114 - Register for checkConnection events
2025-04-12 15:39:54,407 [FATAL] Updater:334 - Updater called before beeing initialized
2025-04-12 15:39:54,407 [ERROR] CADModel:125 - Updater not yet initialized, retry later 
2025-04-12 15:39:54,532 [INFO] CADModel:165 - CPN selected for project level
2025-04-12 15:39:54,532 [INFO] CADModel:114 - Register for checkConnection events
2025-04-12 15:39:54,532 [FATAL] Updater:334 - Updater called before beeing initialized
2025-04-12 15:39:54,532 [ERROR] CADModel:125 - Updater not yet initialized, retry later 
2025-04-12 15:39:54,534 [FATAL] Updater:334 - Updater called before beeing initialized
2025-04-12 15:39:54,612 [FATAL] Updater:334 - Updater called before beeing initialized
2025-04-12 15:39:54,612 [INFO] DbMcusAds:53 - JSON generation date=Thu Mar 06 21:54:22 ICT 2025 (1741272862204)
2025-04-12 15:39:54,612 [FATAL] Updater:334 - Updater called before beeing initialized
2025-04-12 15:39:54,644 [WARN] DetailPanel:346 - Failed to get advertising image, set to default
2025-04-12 15:39:54,723 [FATAL] Updater:334 - Updater called before beeing initialized
2025-04-12 15:39:54,731 [FATAL] Updater:334 - Updater called before beeing initialized
2025-04-12 15:39:54,731 [FATAL] Updater:334 - Updater called before beeing initialized
2025-04-12 15:39:54,731 [WARN] DetailPanel:346 - Failed to get advertising image, set to default
2025-04-12 15:39:54,731 [FATAL] Updater:334 - Updater called before beeing initialized
2025-04-12 15:39:54,770 [ERROR] Updater:1164 - MainUpdater not yet initialized. External WinMGr cannot be set.
2025-04-12 15:39:54,770 [INFO] Updater:1100 - Updater Version found : 6.12.0
2025-04-12 15:39:54,786 [INFO] ApplicationProperties:184 - Using Application install path: C:\ST\STM32CubeIDE_1.16.0\STM32CubeIDE\plugins\com.st.stm32cube.common.mx_6.12.0.202406281431
2025-04-12 15:39:55,133 [INFO] MainUpdater:2873 - connection check result : 10
2025-04-12 15:39:55,133 [INFO] MainUpdater:290 - Updater Check For Update Now.
2025-04-12 15:39:55,133 [INFO] MicroXplorer:498 - Change Database Version : DB.6.0.120
2025-04-12 15:39:55,146 [INFO] McuFinderGlobals:63 - Set McuFinder mode to 2 (CubeIDE integrated)
2025-04-12 15:39:55,146 [INFO] UserAuth:417 - Internet connection configuration mode: 1
2025-04-12 15:39:55,180 [INFO] JxBrowserEngine:152 - Initiate JxBrowser Engine with user profile folder
2025-04-12 15:39:55,371 [INFO] CheckServerUpdateThread:120 - End of CheckServer Thread
2025-04-12 15:39:56,067 [INFO] WebApp:167 - Instantiating new browser for Auth
2025-04-12 15:39:56,969 [INFO] WebApp:448 - Apply proxy settings
2025-04-12 15:39:56,970 [INFO] WebApp:533 - Chromium requires no authentication
2025-04-12 15:39:56,984 [INFO] WebApp:476 - Direct internet connection detected
2025-04-12 15:39:57,013 [INFO] WebApp:869 - Register for checkConnection events
2025-04-12 15:39:57,013 [INFO] WebApp:448 - Apply proxy settings
2025-04-12 15:39:57,013 [INFO] WebApp:533 - Chromium requires no authentication
2025-04-12 15:39:57,014 [INFO] WebApp:476 - Direct internet connection detected
2025-04-12 15:39:57,074 [WARN] PackLoader:240 - Cannot read IP mode file for STMicroelectronics.FP-SNS-MOTENVWB1.1.4.0
2025-04-12 15:39:57,095 [WARN] PackLoader:240 - Cannot read IP mode file for STMicroelectronics.FP-ATR-ASTRA1.2.0.2
2025-04-12 15:39:57,100 [WARN] PackLoader:240 - Cannot read IP mode file for STMicroelectronics.FP-ATR-ASTRA1.2.0.1
2025-04-12 15:39:57,114 [WARN] PackLoader:240 - Cannot read IP mode file for STMicroelectronics.X-CUBE-SMBUS.2.1.0
2025-04-12 15:39:57,126 [WARN] PackLoader:240 - Cannot read IP mode file for STMicroelectronics.X-CUBE-WB05N.1.1.0
2025-04-12 15:39:57,134 [WARN] PackLoader:240 - Cannot read IP mode file for STMicroelectronics.X-CUBE-TOUCHGFX.4.23.0
2025-04-12 15:39:57,140 [WARN] PackLoader:240 - Cannot read IP mode file for STMicroelectronics.X-CUBE-TOUCHGFX.4.23.2
2025-04-12 15:39:57,193 [WARN] PackLoader:240 - Cannot read IP mode file for STMicroelectronics.X-CUBE-AZRTOS-F7.1.1.0
2025-04-12 15:39:57,207 [WARN] PackLoader:240 - Cannot read IP mode file for STMicroelectronics.FP-SNS-MOTENV1.4.3.2
2025-04-12 15:39:57,302 [WARN] PackLoader:240 - Cannot read IP mode file for STMicroelectronics.X-CUBE-MEMS1.11.0.0
2025-04-12 15:39:57,318 [INFO] WebApp:186 - Connection restablished
2025-04-12 15:39:57,610 [WARN] PackLoader:240 - Cannot read IP mode file for STMicroelectronics.FP-SNS-FLIGHT1.5.0.2
2025-04-12 15:39:57,618 [WARN] PackLoader:240 - Cannot read IP mode file for STMicroelectronics.X-CUBE-DISPLAY.3.0.0
2025-04-12 15:39:57,628 [WARN] PackLoader:240 - Cannot read IP mode file for STMicroelectronics.X-CUBE-BLE1.7.0.0
2025-04-12 15:39:57,638 [WARN] PackLoader:240 - Cannot read IP mode file for STMicroelectronics.X-CUBE-NFC10.1.0.0
2025-04-12 15:39:57,651 [WARN] PackLoader:240 - Cannot read IP mode file for STMicroelectronics.X-CUBE-BLEMGR.4.0.0
2025-04-12 15:39:57,661 [WARN] PackLoader:240 - Cannot read IP mode file for emotas.I-CUBE-CANOPEN.1.3.0
2025-04-12 15:39:57,673 [WARN] PackLoader:240 - Cannot read IP mode file for STMicroelectronics.X-CUBE-BLEMGR.3.1.0
2025-04-12 15:39:57,684 [WARN] PackLoader:240 - Cannot read IP mode file for STMicroelectronics.X-CUBE-AI.10.0.0
2025-04-12 15:39:57,768 [WARN] PackLoader:240 - Cannot read IP mode file for STMicroelectronics.FP-SNS-SMARTAG2.1.2.0
2025-04-12 15:39:57,773 [ERROR] Engine:466 - C:\Users\OS\.stm32cubemx\thirdparties\pdsc\STMicroelectronics.FP-SNS-FLIGHT1.5.1.0.pdsc: PDSC version is not supported
2025-04-12 15:39:57,789 [INFO] WebApp:220 - Starting web application
2025-04-12 15:39:57,791 [INFO] WebApp:578 - Web application path used C:\ST\STM32CubeIDE_1.16.0\STM32CubeIDE\plugins\com.st.stm32cube.common.mx_6.12.0.202406281431\db\plugins\mcufinder\reactClient1\index.html
2025-04-12 15:39:57,858 [WARN] PackLoader:240 - Cannot read IP mode file for STMicroelectronics.X-CUBE-MEMS1.11.1.0
2025-04-12 15:39:58,049 [INFO] LogOutputStream:77 - [STDOUT_REDIRECT] 1 : Invalid condition id : UX_CORESTACK_Condition cause : null
2025-04-12 15:39:58,051 [INFO] LogOutputStream:77 - [STDOUT_REDIRECT] 1 : Invalid condition id : UX_CORESTACK_Condition cause : null
2025-04-12 15:39:58,053 [INFO] LogOutputStream:77 - [STDOUT_REDIRECT] 1 : Invalid condition id : UX_CORESTACK_Condition cause : null
2025-04-12 15:39:58,057 [INFO] LogOutputStream:77 - [STDOUT_REDIRECT] 1 : Invalid condition id : UX_CORESTACK_Condition cause : null
2025-04-12 15:39:58,059 [INFO] LogOutputStream:77 - [STDOUT_REDIRECT] 1 : Invalid condition id : UX_CORESTACK_Condition cause : null
2025-04-12 15:39:58,063 [WARN] PackLoader:240 - Cannot read IP mode file for STMicroelectronics.X-CUBE-AZRTOS-WL.2.0.0
2025-04-12 15:39:58,069 [WARN] PackLoader:240 - Cannot read IP mode file for STMicroelectronics.FP-SNS-MOTENV1.5.0.0
2025-04-12 15:39:58,077 [WARN] PackLoader:240 - Cannot read IP mode file for wolfSSL.I-CUBE-wolfMQTT.1.19.0
2025-04-12 15:39:58,087 [WARN] PackLoader:240 - Cannot read IP mode file for WES.I-CUBE-Cesium.1.3.0
2025-04-12 15:39:58,093 [WARN] PackLoader:240 - Cannot read IP mode file for STMicroelectronics.X-CUBE-BLE2.3.3.0
2025-04-12 15:39:58,100 [WARN] PackLoader:240 - Cannot read IP mode file for STMicroelectronics.X-CUBE-NFC9.1.0.0
2025-04-12 15:39:58,106 [WARN] PackLoader:240 - Cannot read IP mode file for STMicroelectronics.X-CUBE-BLE1.7.1.0
2025-04-12 15:39:58,114 [WARN] PackLoader:240 - Cannot read IP mode file for STMicroelectronics.X-CUBE-TCPP.4.1.0
2025-04-12 15:39:58,124 [WARN] PackLoader:240 - Cannot read IP mode file for STMicroelectronics.X-CUBE-ALGOBUILD.1.3.0
2025-04-12 15:39:58,146 [WARN] PackLoader:240 - Cannot read IP mode file for STMicroelectronics.X-CUBE-AZRTOS-G0.1.1.0
2025-04-12 15:39:58,158 [WARN] PackLoader:240 - Cannot read IP mode file for STMicroelectronics.X-CUBE-SAFEA1.1.2.2
2025-04-12 15:39:58,166 [WARN] PackLoader:240 - Cannot read IP mode file for STMicroelectronics.X-CUBE-NFC4.3.0.0
2025-04-12 15:39:58,170 [WARN] PackLoader:240 - Cannot read IP mode file for wolfSSL.I-CUBE-wolfMQTT.1.18.0
2025-04-12 15:39:58,185 [WARN] PackLoader:240 - Cannot read IP mode file for EmbeddedOffice.I-CUBE-FS-RTOS.1.0.1
2025-04-12 15:39:58,185 [ERROR] ConditionMgr:805 - Attr not supported : Dmpu
2025-04-12 15:39:58,185 [ERROR] ConditionMgr:805 - Attr not supported : Dmpu
2025-04-12 15:39:58,185 [ERROR] ConditionMgr:805 - Attr not supported : Dmpu
2025-04-12 15:39:58,185 [ERROR] ConditionMgr:805 - Attr not supported : Dmpu
2025-04-12 15:39:58,185 [ERROR] ConditionMgr:805 - Attr not supported : Dmpu
2025-04-12 15:39:58,186 [ERROR] ConditionMgr:805 - Attr not supported : Dmpu
2025-04-12 15:39:58,186 [ERROR] ConditionMgr:805 - Attr not supported : Dmpu
2025-04-12 15:39:58,186 [ERROR] ConditionMgr:805 - Attr not supported : Dmpu
2025-04-12 15:39:58,186 [ERROR] ConditionMgr:805 - Attr not supported : Dmpu
2025-04-12 15:39:58,186 [ERROR] ConditionMgr:805 - Attr not supported : Dmpu
2025-04-12 15:39:58,186 [ERROR] ConditionMgr:805 - Attr not supported : Dmpu
2025-04-12 15:39:58,186 [ERROR] ConditionMgr:805 - Attr not supported : Dmpu
2025-04-12 15:39:58,186 [ERROR] ConditionMgr:805 - Attr not supported : Dmpu
2025-04-12 15:39:58,186 [ERROR] ConditionMgr:805 - Attr not supported : Dmpu
2025-04-12 15:39:58,186 [ERROR] ConditionMgr:805 - Attr not supported : Dmpu
2025-04-12 15:39:58,186 [ERROR] ConditionMgr:805 - Attr not supported : Dmpu
2025-04-12 15:39:58,186 [ERROR] ConditionMgr:805 - Attr not supported : Dmpu
2025-04-12 15:39:58,187 [ERROR] ConditionMgr:805 - Attr not supported : Dmpu
2025-04-12 15:39:58,187 [ERROR] ConditionMgr:805 - Attr not supported : Dmpu
2025-04-12 15:39:58,187 [ERROR] ConditionMgr:805 - Attr not supported : Dmpu
2025-04-12 15:39:58,187 [ERROR] ConditionMgr:805 - Attr not supported : Dmpu
2025-04-12 15:39:58,187 [ERROR] ConditionMgr:805 - Attr not supported : Dmpu
2025-04-12 15:39:58,187 [ERROR] ConditionMgr:805 - Attr not supported : Dmpu
2025-04-12 15:39:58,187 [ERROR] ConditionMgr:805 - Attr not supported : Dmpu
2025-04-12 15:39:58,187 [ERROR] ConditionMgr:805 - Attr not supported : Dmpu
2025-04-12 15:39:58,187 [ERROR] ConditionMgr:805 - Attr not supported : Dmpu
2025-04-12 15:39:58,187 [ERROR] ConditionMgr:805 - Attr not supported : Dmpu
2025-04-12 15:39:58,187 [ERROR] ConditionMgr:805 - Attr not supported : Dmpu
2025-04-12 15:39:58,187 [ERROR] ConditionMgr:805 - Attr not supported : Dmpu
2025-04-12 15:39:58,187 [ERROR] ConditionMgr:805 - Attr not supported : Dmpu
2025-04-12 15:39:58,188 [ERROR] ConditionMgr:805 - Attr not supported : Dmpu
2025-04-12 15:39:58,188 [ERROR] ConditionMgr:805 - Attr not supported : Dmpu
2025-04-12 15:39:58,188 [ERROR] ConditionMgr:805 - Attr not supported : Dmpu
2025-04-12 15:39:58,188 [ERROR] ConditionMgr:805 - Attr not supported : Dmpu
2025-04-12 15:39:58,188 [ERROR] ConditionMgr:805 - Attr not supported : Dmpu
2025-04-12 15:39:58,188 [ERROR] ConditionMgr:805 - Attr not supported : Dmpu
2025-04-12 15:39:58,188 [ERROR] ConditionMgr:805 - Attr not supported : Dmpu
2025-04-12 15:39:58,188 [ERROR] ConditionMgr:805 - Attr not supported : Dmpu
2025-04-12 15:39:58,188 [ERROR] ConditionMgr:805 - Attr not supported : Dmpu
2025-04-12 15:39:58,188 [ERROR] ConditionMgr:805 - Attr not supported : Dmpu
2025-04-12 15:39:58,188 [ERROR] ConditionMgr:805 - Attr not supported : Dmpu
2025-04-12 15:39:58,188 [ERROR] ConditionMgr:805 - Attr not supported : Dmpu
2025-04-12 15:39:58,189 [ERROR] ConditionMgr:805 - Attr not supported : Dmpu
2025-04-12 15:39:58,189 [ERROR] ConditionMgr:805 - Attr not supported : Dmpu
2025-04-12 15:39:58,189 [ERROR] ConditionMgr:805 - Attr not supported : Dmpu
2025-04-12 15:39:58,189 [ERROR] ConditionMgr:805 - Attr not supported : Dmpu
2025-04-12 15:39:58,189 [ERROR] ConditionMgr:805 - Attr not supported : Dmpu
2025-04-12 15:39:58,189 [ERROR] ConditionMgr:805 - Attr not supported : Dmpu
2025-04-12 15:39:58,189 [ERROR] ConditionMgr:805 - Attr not supported : Dmpu
2025-04-12 15:39:58,189 [ERROR] ConditionMgr:805 - Attr not supported : Dmpu
2025-04-12 15:39:58,189 [ERROR] ConditionMgr:805 - Attr not supported : Dmpu
2025-04-12 15:39:58,190 [ERROR] ConditionMgr:805 - Attr not supported : Dmpu
2025-04-12 15:39:58,190 [ERROR] ConditionMgr:805 - Attr not supported : Dmpu
2025-04-12 15:39:58,190 [ERROR] ConditionMgr:805 - Attr not supported : Dmpu
2025-04-12 15:39:58,190 [ERROR] ConditionMgr:805 - Attr not supported : Dmpu
2025-04-12 15:39:58,190 [ERROR] ConditionMgr:805 - Attr not supported : Dmpu
2025-04-12 15:39:58,190 [ERROR] ConditionMgr:805 - Attr not supported : Dmpu
2025-04-12 15:39:58,190 [ERROR] ConditionMgr:805 - Attr not supported : Dmpu
2025-04-12 15:39:58,190 [ERROR] ConditionMgr:805 - Attr not supported : Dmpu
2025-04-12 15:39:58,190 [ERROR] ConditionMgr:805 - Attr not supported : Dmpu
2025-04-12 15:39:58,191 [ERROR] ConditionMgr:805 - Attr not supported : Dmpu
2025-04-12 15:39:58,191 [ERROR] ConditionMgr:805 - Attr not supported : Dmpu
2025-04-12 15:39:58,191 [ERROR] ConditionMgr:805 - Attr not supported : Dmpu
2025-04-12 15:39:58,191 [ERROR] ConditionMgr:805 - Attr not supported : Dmpu
2025-04-12 15:39:58,194 [ERROR] Engine:466 - C:\Users\OS\.stm32cubemx\thirdparties\pdsc\STMicroelectronics.X-CUBE-TCPP.4.2.0.pdsc: PDSC version is not supported
2025-04-12 15:39:58,212 [WARN] PackLoader:240 - Cannot read IP mode file for RealThread.X-CUBE-RT-Thread_Nano.4.1.1
2025-04-12 15:39:58,217 [WARN] PackLoader:240 - Cannot read IP mode file for STMicroelectronics.FP-ATR-SIGFOX1.3.2.0
2025-04-12 15:39:58,222 [INFO] UserAuth:417 - Internet connection configuration mode: 1
2025-04-12 15:39:58,224 [WARN] ConditionMgr:438 - getConditionDescription Invalid condition id : Cortex-A Device cause : null
2025-04-12 15:39:58,382 [WARN] ConditionMgr:1039 - genDependencies : Invalid condition id : Cortex-A Device cause : null
2025-04-12 15:39:58,382 [WARN] ConditionMgr:1039 - genDependencies : Invalid condition id : Cortex-A Device cause : null
2025-04-12 15:39:58,382 [WARN] ConditionMgr:1039 - genDependencies : Invalid condition id : Cortex-A Device cause : null
2025-04-12 15:39:58,390 [WARN] PackLoader:240 - Cannot read IP mode file for STMicroelectronics.X-CUBE-EEPRMA1.5.1.0
2025-04-12 15:39:58,434 [WARN] PackLoader:240 - Cannot read IP mode file for SEGGER.I-CUBE-embOS.1.3.1
2025-04-12 15:39:58,503 [WARN] PackLoader:240 - Cannot read IP mode file for STMicroelectronics.X-CUBE-ALGOBUILD.1.4.0
2025-04-12 15:39:58,511 [WARN] PackLoader:240 - Cannot read IP mode file for STMicroelectronics.X-CUBE-AI.9.1.0
2025-04-12 15:39:58,522 [WARN] PackLoader:240 - Cannot read IP mode file for STMicroelectronics.X-CUBE-GNSS1.6.0.0
2025-04-12 15:39:58,545 [WARN] PackLoader:240 - Cannot read IP mode file for STMicroelectronics.X-CUBE-AZRTOS-F4.1.1.0
2025-04-12 15:39:58,554 [WARN] PackLoader:240 - Cannot read IP mode file for STMicroelectronics.X-CUBE-ISPU.2.1.0
2025-04-12 15:39:58,561 [WARN] PackLoader:240 - Cannot read IP mode file for STMicroelectronics.X-CUBE-FREERTOS.1.2.0
2025-04-12 15:39:58,570 [WARN] PackLoader:240 - Cannot read IP mode file for wolfSSL.I-CUBE-wolfSSL.5.6.6
2025-04-12 15:39:58,590 [WARN] PackLoader:240 - Cannot read IP mode file for STMicroelectronics.X-CUBE-AZRTOS-L5.2.0.0
2025-04-12 15:39:58,601 [WARN] PackLoader:240 - Cannot read IP mode file for STMicroelectronics.X-CUBE-NFC6.3.1.0
2025-04-12 15:39:58,610 [WARN] PackLoader:240 - Cannot read IP mode file for ITTIA_DB.I-CUBE-ITTIADB.8.8.0
2025-04-12 15:39:58,618 [WARN] PackLoader:240 - Cannot read IP mode file for STMicroelectronics.X-CUBE-DPower.1.2.0
2025-04-12 15:39:58,623 [WARN] PackLoader:240 - Cannot read IP mode file for STMicroelectronics.X-CUBE-AI.9.0.0
2025-04-12 15:39:58,629 [WARN] PackLoader:240 - Cannot read IP mode file for STMicroelectronics.X-CUBE-FREERTOS.1.3.0
2025-04-12 15:39:58,636 [WARN] PackLoader:240 - Cannot read IP mode file for STMicroelectronics.X-CUBE-NFC7.1.0.1
2025-04-12 15:39:58,642 [WARN] PackLoader:240 - Cannot read IP mode file for wolfSSL.I-CUBE-wolfTPM.3.2.0
2025-04-12 15:39:58,649 [WARN] PackLoader:240 - Cannot read IP mode file for STMicroelectronics.X-CUBE-DPower.1.3.0
2025-04-12 15:39:58,655 [WARN] PackLoader:240 - Cannot read IP mode file for STMicroelectronics.X-CUBE-AI.8.1.0
2025-04-12 15:39:58,686 [WARN] ConditionMgr:438 - getConditionDescription Invalid condition id : LAN8742 Phy interface Condition cause : null
2025-04-12 15:39:58,687 [WARN] PackLoader:240 - Cannot read IP mode file for STMicroelectronics.X-CUBE-AZRTOS-L4.2.0.0
2025-04-12 15:39:58,689 [WARN] ConditionMgr:1039 - genDependencies : Invalid condition id : LAN8742 Phy interface Condition cause : null
2025-04-12 15:39:58,689 [WARN] ConditionMgr:1039 - genDependencies : Invalid condition id : LAN8742 Phy interface Condition cause : null
2025-04-12 15:39:58,690 [WARN] ConditionMgr:1039 - genDependencies : Invalid condition id : LAN8742 Phy interface Condition cause : null
2025-04-12 15:39:58,702 [WARN] PackLoader:240 - Cannot read IP mode file for STMicroelectronics.X-CUBE-SFXS2LP1.4.0.0
2025-04-12 15:39:58,730 [WARN] PackLoader:240 - Cannot read IP mode file for STMicroelectronics.X-CUBE-AZRTOS-H7.3.3.0
2025-04-12 15:39:58,749 [WARN] PackLoader:240 - Cannot read IP mode file for STMicroelectronics.X-CUBE-IPS.3.0.0
2025-04-12 15:39:58,771 [WARN] ConditionMgr:438 - getConditionDescription Invalid condition id : UX DEVICE CLASS RTOS Condition cause : null
2025-04-12 15:39:58,772 [WARN] ConditionMgr:438 - getConditionDescription Invalid condition id : UX DEVICE CLASS RTOS Condition cause : null
2025-04-12 15:39:58,774 [WARN] PackLoader:240 - Cannot read IP mode file for STMicroelectronics.X-CUBE-AZRTOS-WB.2.0.0
2025-04-12 15:39:58,775 [WARN] ConditionMgr:1039 - genDependencies : Invalid condition id : UX DEVICE CLASS RTOS Condition cause : null
2025-04-12 15:39:58,776 [WARN] ConditionMgr:1039 - genDependencies : Invalid condition id : UX DEVICE CLASS RTOS Condition cause : null
2025-04-12 15:39:58,776 [WARN] ConditionMgr:1039 - genDependencies : Invalid condition id : UX DEVICE CLASS RTOS Condition cause : null
2025-04-12 15:39:58,777 [WARN] ConditionMgr:1039 - genDependencies : Invalid condition id : UX DEVICE CLASS RTOS Condition cause : null
2025-04-12 15:39:58,777 [WARN] ConditionMgr:1039 - genDependencies : Invalid condition id : UX DEVICE CLASS RTOS Condition cause : null
2025-04-12 15:39:58,784 [WARN] PackLoader:240 - Cannot read IP mode file for STMicroelectronics.X-CUBE-GNSS1.7.0.0
2025-04-12 15:39:58,798 [WARN] PackLoader:240 - Cannot read IP mode file for STMicroelectronics.X-CUBE-GNSS1.7.0.1
2025-04-12 15:39:58,805 [WARN] PackLoader:240 - Cannot read IP mode file for STMicroelectronics.X-CUBE-TOUCHGFX.4.25.0
2025-04-12 15:39:58,815 [WARN] PackLoader:240 - Cannot read IP mode file for STMicroelectronics.FP-SNS-STBOX1.2.0.0
2025-04-12 15:39:58,831 [WARN] PackLoader:240 - Cannot read IP mode file for STMicroelectronics.X-CUBE-SUBG2.5.0.0
2025-04-12 15:39:58,860 [WARN] PackLoader:240 - Cannot read IP mode file for STMicroelectronics.X-CUBE-AZRTOS-H7RS.1.1.0
2025-04-12 15:39:58,870 [WARN] PackLoader:240 - Cannot read IP mode file for Cesanta.I-CUBE-Mongoose.7.13.0
2025-04-12 15:39:58,889 [WARN] PackLoader:240 - Cannot read IP mode file for STMicroelectronics.X-CUBE-AZRTOS-G4.2.0.0
2025-04-12 15:39:58,905 [WARN] PackLoader:240 - Cannot read IP mode file for Infineon.AIROC-Wi-Fi-Bluetooth-STM32.1.5.1
2025-04-12 15:39:58,920 [WARN] PackLoader:240 - Cannot read IP mode file for STMicroelectronics.FP-SNS-MOTENVWB1.1.3.1
2025-04-12 15:39:58,925 [WARN] PackLoader:240 - Cannot read IP mode file for STMicroelectronics.X-CUBE-ISPU.2.0.0
2025-04-12 15:39:58,934 [ERROR] Engine:466 - C:\Users\OS\.stm32cubemx\thirdparties\pdsc\STMicroelectronics.X-CUBE-IPS.3.1.0.pdsc: PDSC version is not supported
2025-04-12 15:39:58,943 [WARN] PackLoader:240 - Cannot read IP mode file for STMicroelectronics.X-CUBE-ALS.1.0.2
2025-04-12 15:39:59,015 [WARN] PackLoader:240 - Cannot read IP mode file for STMicroelectronics.X-CUBE-MEMS1.10.0.0
2025-04-12 15:39:59,226 [WARN] PackLoader:240 - Cannot read IP mode file for STMicroelectronics.X-CUBE-FREERTOS.1.1.0
2025-04-12 15:39:59,231 [WARN] PackLoader:240 - Cannot read IP mode file for STMicroelectronics.X-CUBE-TOUCHGFX.4.24.0
2025-04-12 15:39:59,237 [WARN] PackLoader:240 - Cannot read IP mode file for STMicroelectronics.X-CUBE-TOUCHGFX.4.24.2
2025-04-12 15:39:59,242 [WARN] PackLoader:240 - Cannot read IP mode file for STMicroelectronics.X-CUBE-TOUCHGFX.4.24.1
2025-04-12 15:39:59,250 [WARN] PackLoader:240 - Cannot read IP mode file for portGmbH.I-Cube-SoM-uGOAL.1.1.0
2025-04-12 15:39:59,255 [WARN] PackLoader:240 - Cannot read IP mode file for STMicroelectronics.X-CUBE-ALS.1.0.1
2025-04-12 15:39:59,277 [WARN] PackLoader:240 - Cannot read IP mode file for STMicroelectronics.X-CUBE-AZRTOS-H7RS.1.0.0
2025-04-12 15:39:59,286 [WARN] PackLoader:240 - Cannot read IP mode file for STMicroelectronics.FP-ATR-ASTRA1.2.0.0
2025-04-12 15:39:59,304 [WARN] PackLoader:240 - Cannot read IP mode file for STMicroelectronics.X-CUBE-TOF1.3.4.2
2025-04-12 15:39:59,339 [WARN] PackLoader:240 - Cannot read IP mode file for STMicroelectronics.X-CUBE-TOF1.3.4.1
2025-04-12 15:39:59,384 [WARN] PackLoader:240 - Cannot read IP mode file for STMicroelectronics.X-CUBE-AZRTOS-H7.3.2.0
2025-04-12 15:39:59,395 [WARN] PackLoader:240 - Cannot read IP mode file for wolfSSL.I-CUBE-wolfSSH.1.4.17
2025-04-12 15:39:59,396 [INFO] ThirdParty:978 - Integrity check success = true
2025-04-12 15:39:59,396 [INFO] IntegrityCheckThread:100 - exiting critical section [integrity check]
2025-04-12 15:39:59,396 [INFO] IntegrityCheckThread:103 - End integrity checks thread
2025-04-12 15:42:17,662 [INFO] LogOutputStream:77 - [STDOUT_REDIRECT] StartTraceHandler.execute(), success : Collect=true
2025-04-12 15:42:36,054 [ERROR] LogOutputStream:75 - [STDERR_REDIRECT] 
