2025-04-12 11:46:59,393 [INFO] Activator:176 - 


2025-04-12 11:46:59,395 [INFO] Activator:177 - !SESSION log4j initialized
2025-04-12 11:47:04,895 [INFO] LogOutputStream:77 - [STDOUT_REDIRECT] 
2025-04-12 11:47:07,694 [INFO] ApplicationProperties:184 - Using Application install path: C:\ST\STM32CubeIDE_1.16.0\STM32CubeIDE\plugins\com.st.stm32cube.common.mx_6.12.0.202406281431
2025-04-12 11:47:07,709 [INFO] DbMcusXml:78 - Set database path to: C:\ST\STM32CubeIDE_1.16.0\STM32CubeIDE\plugins\com.st.stm32cube.common.mx_6.12.0.202406281431\\db\/mcu/
2025-04-12 11:47:07,710 [INFO] ApiDb:274 - Set plugin database path to: C:\ST\STM32CubeIDE_1.16.0\STM32CubeIDE\plugins\com.st.stm32cube.common.mx_6.12.0.202406281431\\db\/plugins/boardmanager/
2025-04-12 11:47:07,710 [WARN] ApiDb:259 - Overriding images path with different value:  => C:\ST\STM32CubeIDE_1.16.0\STM32CubeIDE\plugins\com.st.stm32cube.common.mx_6.12.0.202406281431\\db\/plugins/mcufinder/images/
2025-04-12 11:47:07,717 [INFO] ApiDb:250 - Set database path to: C:\Users\OS\.stmcufinder\plugins\mcufinder//mcu/
2025-04-12 11:47:07,718 [INFO] DbMcusAds:125 - Set database path to: C:\Users\OS\.stmcufinder\plugins\mcufinder//mcu/
2025-04-12 11:47:08,585 [INFO] CrossReferenceDbSqlite:203 - Set database path to: C:\Users\OS\.stmcufinder\plugins\mcufinder//mcu/cs/
2025-04-12 11:47:08,689 [INFO] RulesReader:64 - Compatibility file has been processed (297 Rules)
2025-04-12 11:47:08,773 [INFO] DbMcusXml:78 - Set database path to: C:\ST\STM32CubeIDE_1.16.0\STM32CubeIDE\plugins\com.st.stm32cube.common.mx_6.12.0.202406281431\\db\/mcu/
2025-04-12 11:47:08,773 [INFO] ApiDb:274 - Set plugin database path to: C:\ST\STM32CubeIDE_1.16.0\STM32CubeIDE\plugins\com.st.stm32cube.common.mx_6.12.0.202406281431\\db\/plugins/boardmanager/
2025-04-12 11:47:08,773 [INFO] ApiDb:261 - Set plugin images path to: C:\ST\STM32CubeIDE_1.16.0\STM32CubeIDE\plugins\com.st.stm32cube.common.mx_6.12.0.202406281431\\db\/plugins/mcufinder/images/
2025-04-12 11:47:08,774 [WARN] DbFile:41 - Overriding database path with different value: C:\Users\OS\.stmcufinder\plugins\mcufinder/ => C:\Users\OS\.stmcufinder\plugins\mcufinder
2025-04-12 11:47:08,774 [INFO] ApiDb:250 - Set database path to: C:\Users\OS\.stmcufinder\plugins\mcufinder//mcu/
2025-04-12 11:47:08,774 [WARN] DbFile:41 - Overriding database path with different value: C:\Users\OS\.stmcufinder\plugins\mcufinder/ => C:\Users\OS\.stmcufinder\plugins\mcufinder
2025-04-12 11:47:08,774 [INFO] DbMcusAds:125 - Set database path to: C:\Users\OS\.stmcufinder\plugins\mcufinder//mcu/
2025-04-12 11:47:08,774 [WARN] DbFile:41 - Overriding database path with different value: C:\Users\OS\.stmcufinder\plugins\mcufinder/ => C:\Users\OS\.stmcufinder\plugins\mcufinder
2025-04-12 11:47:08,774 [WARN] DbFile:41 - Overriding database path with different value: C:\Users\OS\.stmcufinder\plugins\mcufinder/ => C:\Users\OS\.stmcufinder\plugins\mcufinder
2025-04-12 11:47:09,583 [INFO] CrossReferenceDbSqlite:203 - Set database path to: C:\Users\OS\.stmcufinder\plugins\mcufinder//mcu/cs/
2025-04-12 11:47:09,662 [INFO] MainPanel:268 - HeapMemory: 268435456
2025-04-12 11:47:09,761 [INFO] DbMcusXml:78 - Set database path to: C:\ST\STM32CubeIDE_1.16.0\STM32CubeIDE\plugins\com.st.stm32cube.common.mx_6.12.0.202406281431\\db\/mcu/
2025-04-12 11:47:09,761 [INFO] ApiDb:274 - Set plugin database path to: C:\ST\STM32CubeIDE_1.16.0\STM32CubeIDE\plugins\com.st.stm32cube.common.mx_6.12.0.202406281431\\db\/plugins/boardmanager/
2025-04-12 11:47:09,761 [INFO] ApiDb:261 - Set plugin images path to: C:\ST\STM32CubeIDE_1.16.0\STM32CubeIDE\plugins\com.st.stm32cube.common.mx_6.12.0.202406281431\\db\/plugins/mcufinder/images/
2025-04-12 11:47:09,761 [WARN] DbFile:41 - Overriding database path with different value: C:\Users\OS\.stmcufinder\plugins\mcufinder/ => C:\Users\OS\.stmcufinder\plugins\mcufinder
2025-04-12 11:47:09,761 [INFO] ApiDb:250 - Set database path to: C:\Users\OS\.stmcufinder\plugins\mcufinder//mcu/
2025-04-12 11:47:09,762 [WARN] DbFile:41 - Overriding database path with different value: C:\Users\OS\.stmcufinder\plugins\mcufinder/ => C:\Users\OS\.stmcufinder\plugins\mcufinder
2025-04-12 11:47:09,762 [INFO] DbMcusAds:125 - Set database path to: C:\Users\OS\.stmcufinder\plugins\mcufinder//mcu/
2025-04-12 11:47:09,762 [WARN] DbFile:41 - Overriding database path with different value: C:\Users\OS\.stmcufinder\plugins\mcufinder/ => C:\Users\OS\.stmcufinder\plugins\mcufinder
2025-04-12 11:47:09,762 [WARN] DbFile:41 - Overriding database path with different value: C:\Users\OS\.stmcufinder\plugins\mcufinder/ => C:\Users\OS\.stmcufinder\plugins\mcufinder
2025-04-12 11:47:10,583 [INFO] CrossReferenceDbSqlite:203 - Set database path to: C:\Users\OS\.stmcufinder\plugins\mcufinder//mcu/cs/
2025-04-12 11:47:10,600 [INFO] ApplicationProperties:184 - Using Application install path: C:\ST\STM32CubeIDE_1.16.0\STM32CubeIDE\plugins\com.st.stm32cube.common.mx_6.12.0.202406281431
2025-04-12 11:47:10,601 [INFO] PluginManage:196 - Search for loadable plugins [exclusion list=, ]
2025-04-12 11:47:10,603 [INFO] PluginManage:310 - Check plugin analytics
2025-04-12 11:47:11,647 [INFO] AnalyticsPlugin:253 - Accepted Software Licenses: STM32CubeMX.6.10.0
2025-04-12 11:47:11,648 [INFO] AnalyticsPlugin:255 - Accepted CMSIS Pack Licenses: STMicroelectronics.X-CUBE-AI.10.0.0
2025-04-12 11:47:11,648 [INFO] AnalyticsPlugin:257 - Accepted Firmware Licenses: FW.F4.1.28.0,FW.F7.1.17.0
2025-04-12 11:47:11,650 [INFO] PluginManage:359 - Loaded plugin analytics (category:tool,tabindex:-1)
2025-04-12 11:47:11,650 [INFO] PluginManage:310 - Check plugin cadmodel
2025-04-12 11:47:11,655 [INFO] CADModel:105 - Init CAD model plugin
2025-04-12 11:47:11,655 [INFO] PluginManage:359 - Loaded plugin cadmodel (category:power,tabindex:5)
2025-04-12 11:47:11,655 [INFO] PluginManage:310 - Check plugin clock
2025-04-12 11:47:11,667 [INFO] PluginManage:359 - Loaded plugin clock (category:base,tabindex:2)
2025-04-12 11:47:11,667 [INFO] PluginManage:310 - Check plugin ddr
2025-04-12 11:47:11,670 [INFO] PluginManage:359 - Loaded plugin ddr (category:tool,tabindex:6)
2025-04-12 11:47:11,670 [INFO] PluginManage:310 - Check plugin filemanager
2025-04-12 11:47:11,839 [INFO] PluginManage:359 - Loaded plugin filemanager (category:base,tabindex:10)
2025-04-12 11:47:11,839 [INFO] PluginManage:310 - Check plugin ipmanager
2025-04-12 11:47:11,846 [INFO] PluginManage:359 - Loaded plugin ipmanager (category:base,tabindex:5)
2025-04-12 11:47:11,846 [INFO] PluginManage:310 - Check plugin lpbam
2025-04-12 11:47:11,854 [INFO] PluginManage:359 - Loaded plugin lpbam (category:base,tabindex:0)
2025-04-12 11:47:11,855 [INFO] PluginManage:310 - Check plugin memorymap
2025-04-12 11:47:11,866 [INFO] PluginManage:359 - Loaded plugin memorymap (category:base,tabindex:4)
2025-04-12 11:47:11,867 [INFO] PluginManage:310 - Check plugin pinoutandconfiguration
2025-04-12 11:47:11,874 [INFO] PluginManage:359 - Loaded plugin pinoutandconfiguration (category:base,tabindex:1)
2025-04-12 11:47:11,874 [INFO] PluginManage:310 - Check plugin pinoutconfig
2025-04-12 11:47:11,944 [WARN] SupportedApi:132 - Cannot load RTOS API schema: s4s-elt-must-match.1: The content of 'definitions' must match (annotation?, (simpleType | complexType)?, (unique | key | keyref)*)). A problem was found starting at: attribute.
2025-04-12 11:47:12,064 [INFO] PluginManage:359 - Loaded plugin pinoutconfig (category:base,tabindex:0)
2025-04-12 11:47:12,064 [INFO] PluginManage:310 - Check plugin power
2025-04-12 11:47:12,072 [INFO] PluginManage:359 - Loaded plugin power (category:power,tabindex:4)
2025-04-12 11:47:12,072 [INFO] PluginManage:310 - Check plugin projectmanager
2025-04-12 11:47:12,085 [INFO] PluginManage:359 - Loaded plugin projectmanager (category:projectmanager,tabindex:4)
2025-04-12 11:47:12,085 [INFO] PluginManage:310 - Check plugin rif
2025-04-12 11:47:12,090 [INFO] PluginManage:359 - Loaded plugin rif (category:base,tabindex:3)
2025-04-12 11:47:12,091 [INFO] PluginManage:310 - Check plugin thirdparty
2025-04-12 11:47:12,200 [INFO] PluginManage:359 - Loaded plugin thirdparty (category:base,tabindex:-1)
2025-04-12 11:47:12,201 [INFO] PluginManage:310 - Check plugin tools
2025-04-12 11:47:12,200 [WARN] IntegrityCheckThread:84 - waiting for thirdparty lock release [integrity check]
2025-04-12 11:47:12,201 [INFO] IntegrityCheckThread:86 - entering critical section [integrity check]
2025-04-12 11:47:12,201 [INFO] ThirdPartyUpdaterWithRetryManager:70 - Updater plugin not ready yet. [1/15]
2025-04-12 11:47:12,203 [INFO] PluginManage:359 - Loaded plugin tools (category:base,tabindex:7)
2025-04-12 11:47:12,204 [INFO] PluginManage:310 - Check plugin tutovideos
2025-04-12 11:47:12,348 [INFO] PluginManage:359 - Loaded plugin tutovideos (category:base,tabindex:-1)
2025-04-12 11:47:12,348 [INFO] PluginManage:310 - Check plugin updater
2025-04-12 11:47:12,363 [INFO] PluginManage:359 - Loaded plugin updater (category:base,tabindex:12)
2025-04-12 11:47:12,363 [INFO] PluginManage:310 - Check plugin userauth
2025-04-12 11:47:12,368 [INFO] UserAuth:113 - Init User Auth plugin
2025-04-12 11:47:12,368 [INFO] PluginManage:359 - Loaded plugin userauth (category:base,tabindex:14)
2025-04-12 11:47:12,368 [INFO] PluginManage:283 - PluginManage : Loaded plugins [18]
2025-04-12 11:47:12,539 [INFO] PinOutPanel:1561 - setPackage(No Configuration,No Configuration)
2025-04-12 11:47:12,614 [INFO] CADModel:165 - CPN selected for project level
2025-04-12 11:47:12,614 [INFO] CADModel:114 - Register for checkConnection events
2025-04-12 11:47:12,628 [INFO] IPUIPlugin:80 - create IPUIPlugin
2025-04-12 11:47:12,628 [INFO] PluginManager:220 - loadIPPluginJar : add adc
2025-04-12 11:47:12,630 [INFO] IPUIPlugin:80 - create IPUIPlugin
2025-04-12 11:47:12,630 [INFO] PluginManager:220 - loadIPPluginJar : add aes
2025-04-12 11:47:12,632 [INFO] IPUIPlugin:80 - create IPUIPlugin
2025-04-12 11:47:12,632 [INFO] PluginManager:220 - loadIPPluginJar : add can
2025-04-12 11:47:12,634 [INFO] IPUIPlugin:80 - create IPUIPlugin
2025-04-12 11:47:12,634 [INFO] PluginManager:220 - loadIPPluginJar : add comp
2025-04-12 11:47:12,635 [INFO] IPUIPlugin:80 - create IPUIPlugin
2025-04-12 11:47:12,636 [INFO] PluginManager:220 - loadIPPluginJar : add cryp
2025-04-12 11:47:12,638 [INFO] IPUIPlugin:80 - create IPUIPlugin
2025-04-12 11:47:12,638 [INFO] PluginManager:220 - loadIPPluginJar : add ddr_ctrl_phy
2025-04-12 11:47:12,640 [INFO] IPUIPlugin:80 - create IPUIPlugin
2025-04-12 11:47:12,640 [INFO] PluginManager:220 - loadIPPluginJar : add dfsdm
2025-04-12 11:47:12,645 [INFO] IPUIPlugin:80 - create IPUIPlugin
2025-04-12 11:47:12,645 [INFO] PluginManager:220 - loadIPPluginJar : add dma
2025-04-12 11:47:12,648 [INFO] IPUIPlugin:80 - create IPUIPlugin
2025-04-12 11:47:12,648 [INFO] PluginManager:220 - loadIPPluginJar : add dma3
2025-04-12 11:47:12,651 [INFO] IPUIPlugin:80 - create IPUIPlugin
2025-04-12 11:47:12,651 [INFO] PluginManager:220 - loadIPPluginJar : add extmemmanager
2025-04-12 11:47:12,653 [INFO] IPUIPlugin:80 - create IPUIPlugin
2025-04-12 11:47:12,653 [INFO] PluginManager:220 - loadIPPluginJar : add fatfs
2025-04-12 11:47:12,659 [INFO] IPUIPlugin:80 - create IPUIPlugin
2025-04-12 11:47:12,659 [INFO] PluginManager:220 - loadIPPluginJar : add fmc
2025-04-12 11:47:12,665 [INFO] IPUIPlugin:80 - create IPUIPlugin
2025-04-12 11:47:12,665 [INFO] PluginManager:220 - loadIPPluginJar : add freertos
2025-04-12 11:47:12,667 [INFO] IPUIPlugin:80 - create IPUIPlugin
2025-04-12 11:47:12,667 [INFO] PluginManager:220 - loadIPPluginJar : add genericplugin
2025-04-12 11:47:12,669 [INFO] IPUIPlugin:80 - create IPUIPlugin
2025-04-12 11:47:12,669 [INFO] PluginManager:220 - loadIPPluginJar : add gfxmmu
2025-04-12 11:47:12,675 [INFO] IPUIPlugin:80 - create IPUIPlugin
2025-04-12 11:47:12,675 [INFO] PluginManager:220 - loadIPPluginJar : add gic
2025-04-12 11:47:12,679 [INFO] IPUIPlugin:80 - create IPUIPlugin
2025-04-12 11:47:12,679 [INFO] PluginManager:220 - loadIPPluginJar : add gpio
2025-04-12 11:47:12,683 [INFO] IPUIPlugin:80 - create IPUIPlugin
2025-04-12 11:47:12,683 [INFO] PluginManager:220 - loadIPPluginJar : add gtzc
2025-04-12 11:47:12,685 [INFO] IPUIPlugin:80 - create IPUIPlugin
2025-04-12 11:47:12,685 [INFO] PluginManager:220 - loadIPPluginJar : add hash
2025-04-12 11:47:12,688 [INFO] IPUIPlugin:80 - create IPUIPlugin
2025-04-12 11:47:12,688 [INFO] PluginManager:220 - loadIPPluginJar : add i2c
2025-04-12 11:47:12,691 [INFO] IPUIPlugin:80 - create IPUIPlugin
2025-04-12 11:47:12,691 [INFO] PluginManager:220 - loadIPPluginJar : add i2s
2025-04-12 11:47:12,694 [INFO] IPUIPlugin:80 - create IPUIPlugin
2025-04-12 11:47:12,694 [INFO] PluginManager:220 - loadIPPluginJar : add i3c
2025-04-12 11:47:12,699 [INFO] IPUIPlugin:80 - create IPUIPlugin
2025-04-12 11:47:12,699 [INFO] PluginManager:220 - loadIPPluginJar : add ipddr
2025-04-12 11:47:12,706 [INFO] IPUIPlugin:80 - create IPUIPlugin
2025-04-12 11:47:12,706 [INFO] PluginManager:220 - loadIPPluginJar : add linkedlist
2025-04-12 11:47:12,709 [INFO] IPUIPlugin:80 - create IPUIPlugin
2025-04-12 11:47:12,709 [INFO] PluginManager:220 - loadIPPluginJar : add lorawan
2025-04-12 11:47:12,710 [INFO] IPUIPlugin:80 - create IPUIPlugin
2025-04-12 11:47:12,710 [INFO] PluginManager:220 - loadIPPluginJar : add ltdc
2025-04-12 11:47:12,715 [INFO] IPUIPlugin:80 - create IPUIPlugin
2025-04-12 11:47:12,715 [INFO] PluginManager:220 - loadIPPluginJar : add mdma
2025-04-12 11:47:12,719 [INFO] IPUIPlugin:80 - create IPUIPlugin
2025-04-12 11:47:12,719 [INFO] PluginManager:220 - loadIPPluginJar : add nvic
2025-04-12 11:47:12,721 [INFO] IPUIPlugin:80 - create IPUIPlugin
2025-04-12 11:47:12,722 [INFO] PluginManager:220 - loadIPPluginJar : add opamp
2025-04-12 11:47:12,725 [INFO] IPUIPlugin:80 - create IPUIPlugin
2025-04-12 11:47:12,725 [INFO] PluginManager:220 - loadIPPluginJar : add openamp
2025-04-12 11:47:12,727 [INFO] IPUIPlugin:80 - create IPUIPlugin
2025-04-12 11:47:12,728 [INFO] PluginManager:220 - loadIPPluginJar : add pdm2pcm
2025-04-12 11:47:12,733 [INFO] IPUIPlugin:80 - create IPUIPlugin
2025-04-12 11:47:12,735 [INFO] PluginManager:220 - loadIPPluginJar : add plateformsettings
2025-04-12 11:47:12,736 [INFO] IPUIPlugin:80 - create IPUIPlugin
2025-04-12 11:47:12,737 [INFO] PluginManager:220 - loadIPPluginJar : add quadspi
2025-04-12 11:47:12,738 [INFO] IPUIPlugin:80 - create IPUIPlugin
2025-04-12 11:47:12,739 [INFO] PluginManager:220 - loadIPPluginJar : add radio
2025-04-12 11:47:12,742 [INFO] IPUIPlugin:80 - create IPUIPlugin
2025-04-12 11:47:12,742 [INFO] PluginManager:220 - loadIPPluginJar : add resmgrutility
2025-04-12 11:47:12,744 [INFO] IPUIPlugin:80 - create IPUIPlugin
2025-04-12 11:47:12,745 [INFO] PluginManager:220 - loadIPPluginJar : add sai
2025-04-12 11:47:12,747 [INFO] IPUIPlugin:80 - create IPUIPlugin
2025-04-12 11:47:12,747 [INFO] PluginManager:220 - loadIPPluginJar : add spi
2025-04-12 11:47:12,750 [INFO] IPUIPlugin:80 - create IPUIPlugin
2025-04-12 11:47:12,751 [INFO] PluginManager:220 - loadIPPluginJar : add stm32_wpan
2025-04-12 11:47:12,752 [INFO] IPUIPlugin:80 - create IPUIPlugin
2025-04-12 11:47:12,752 [INFO] PluginManager:220 - loadIPPluginJar : add tim
2025-04-12 11:47:12,755 [INFO] IPUIPlugin:80 - create IPUIPlugin
2025-04-12 11:47:12,755 [INFO] PluginManager:220 - loadIPPluginJar : add touchsensing
2025-04-12 11:47:12,756 [INFO] IPUIPlugin:80 - create IPUIPlugin
2025-04-12 11:47:12,756 [INFO] PluginManager:220 - loadIPPluginJar : add tracer_emb
2025-04-12 11:47:12,759 [INFO] IPUIPlugin:80 - create IPUIPlugin
2025-04-12 11:47:12,759 [INFO] PluginManager:220 - loadIPPluginJar : add ts
2025-04-12 11:47:12,760 [INFO] IPUIPlugin:80 - create IPUIPlugin
2025-04-12 11:47:12,761 [INFO] PluginManager:220 - loadIPPluginJar : add tsc
2025-04-12 11:47:12,763 [INFO] IPUIPlugin:80 - create IPUIPlugin
2025-04-12 11:47:12,763 [INFO] PluginManager:220 - loadIPPluginJar : add ucpd
2025-04-12 11:47:12,766 [INFO] IPUIPlugin:80 - create IPUIPlugin
2025-04-12 11:47:12,766 [INFO] PluginManager:220 - loadIPPluginJar : add usart
2025-04-12 11:47:12,768 [INFO] IPUIPlugin:80 - create IPUIPlugin
2025-04-12 11:47:12,768 [INFO] PluginManager:220 - loadIPPluginJar : add usbx
2025-04-12 11:47:12,883 [INFO] CADModel:165 - CPN selected for project level
2025-04-12 11:47:12,883 [INFO] CADModel:114 - Register for checkConnection events
2025-04-12 11:47:12,883 [FATAL] Updater:334 - Updater called before beeing initialized
2025-04-12 11:47:12,883 [ERROR] CADModel:125 - Updater not yet initialized, retry later 
2025-04-12 11:47:12,993 [INFO] CADModel:165 - CPN selected for project level
2025-04-12 11:47:12,993 [INFO] CADModel:114 - Register for checkConnection events
2025-04-12 11:47:12,993 [FATAL] Updater:334 - Updater called before beeing initialized
2025-04-12 11:47:12,994 [ERROR] CADModel:125 - Updater not yet initialized, retry later 
2025-04-12 11:47:12,996 [FATAL] Updater:334 - Updater called before beeing initialized
2025-04-12 11:47:13,086 [FATAL] Updater:334 - Updater called before beeing initialized
2025-04-12 11:47:13,090 [INFO] DbMcusAds:53 - JSON generation date=Thu Mar 06 21:54:22 ICT 2025 (1741272862204)
2025-04-12 11:47:13,090 [FATAL] Updater:334 - Updater called before beeing initialized
2025-04-12 11:47:13,125 [WARN] DetailPanel:346 - Failed to get advertising image, set to default
2025-04-12 11:47:13,198 [FATAL] Updater:334 - Updater called before beeing initialized
2025-04-12 11:47:13,200 [FATAL] Updater:334 - Updater called before beeing initialized
2025-04-12 11:47:13,200 [FATAL] Updater:334 - Updater called before beeing initialized
2025-04-12 11:47:13,200 [WARN] DetailPanel:346 - Failed to get advertising image, set to default
2025-04-12 11:47:13,201 [FATAL] Updater:334 - Updater called before beeing initialized
2025-04-12 11:47:13,248 [ERROR] Updater:1164 - MainUpdater not yet initialized. External WinMGr cannot be set.
2025-04-12 11:47:13,251 [INFO] Updater:1100 - Updater Version found : 6.12.0
2025-04-12 11:47:13,268 [INFO] ApplicationProperties:184 - Using Application install path: C:\ST\STM32CubeIDE_1.16.0\STM32CubeIDE\plugins\com.st.stm32cube.common.mx_6.12.0.202406281431
2025-04-12 11:47:13,697 [INFO] MainUpdater:2873 - connection check result : 10
2025-04-12 11:47:13,698 [INFO] MainUpdater:290 - Updater Check For Update Now.
2025-04-12 11:47:13,699 [INFO] MicroXplorer:498 - Change Database Version : DB.6.0.120
2025-04-12 11:47:13,720 [INFO] McuFinderGlobals:63 - Set McuFinder mode to 2 (CubeIDE integrated)
2025-04-12 11:47:13,722 [INFO] UserAuth:417 - Internet connection configuration mode: 1
2025-04-12 11:47:13,763 [INFO] JxBrowserEngine:152 - Initiate JxBrowser Engine with user profile folder
2025-04-12 11:47:13,918 [INFO] CheckServerUpdateThread:120 - End of CheckServer Thread
2025-04-12 11:47:14,697 [INFO] WebApp:167 - Instantiating new browser for Auth
2025-04-12 11:47:15,541 [WARN] PackLoader:240 - Cannot read IP mode file for STMicroelectronics.FP-SNS-MOTENVWB1.1.4.0
2025-04-12 11:47:15,573 [WARN] PackLoader:240 - Cannot read IP mode file for STMicroelectronics.FP-ATR-ASTRA1.2.0.2
2025-04-12 11:47:15,580 [WARN] PackLoader:240 - Cannot read IP mode file for STMicroelectronics.FP-ATR-ASTRA1.2.0.1
2025-04-12 11:47:15,597 [WARN] PackLoader:240 - Cannot read IP mode file for STMicroelectronics.X-CUBE-SMBUS.2.1.0
2025-04-12 11:47:15,619 [WARN] PackLoader:240 - Cannot read IP mode file for STMicroelectronics.X-CUBE-WB05N.1.1.0
2025-04-12 11:47:15,628 [WARN] PackLoader:240 - Cannot read IP mode file for STMicroelectronics.X-CUBE-TOUCHGFX.4.23.0
2025-04-12 11:47:15,633 [WARN] PackLoader:240 - Cannot read IP mode file for STMicroelectronics.X-CUBE-TOUCHGFX.4.23.2
2025-04-12 11:47:15,703 [WARN] PackLoader:240 - Cannot read IP mode file for STMicroelectronics.X-CUBE-AZRTOS-F7.1.1.0
2025-04-12 11:47:15,744 [WARN] PackLoader:240 - Cannot read IP mode file for STMicroelectronics.FP-SNS-MOTENV1.4.3.2
2025-04-12 11:47:15,754 [INFO] WebApp:448 - Apply proxy settings
2025-04-12 11:47:15,755 [INFO] WebApp:533 - Chromium requires no authentication
2025-04-12 11:47:15,816 [INFO] WebApp:476 - Direct internet connection detected
2025-04-12 11:47:15,868 [WARN] PackLoader:240 - Cannot read IP mode file for STMicroelectronics.X-CUBE-MEMS1.11.0.0
2025-04-12 11:47:15,962 [INFO] WebApp:869 - Register for checkConnection events
2025-04-12 11:47:15,963 [INFO] WebApp:448 - Apply proxy settings
2025-04-12 11:47:15,963 [INFO] WebApp:533 - Chromium requires no authentication
2025-04-12 11:47:15,964 [INFO] WebApp:476 - Direct internet connection detected
2025-04-12 11:47:16,103 [WARN] PackLoader:240 - Cannot read IP mode file for STMicroelectronics.FP-SNS-FLIGHT1.5.0.2
2025-04-12 11:47:16,119 [WARN] PackLoader:240 - Cannot read IP mode file for STMicroelectronics.X-CUBE-DISPLAY.3.0.0
2025-04-12 11:47:16,139 [INFO] WebApp:186 - Connection restablished
2025-04-12 11:47:16,140 [WARN] PackLoader:240 - Cannot read IP mode file for STMicroelectronics.X-CUBE-BLE1.7.0.0
2025-04-12 11:47:16,154 [WARN] PackLoader:240 - Cannot read IP mode file for STMicroelectronics.X-CUBE-NFC10.1.0.0
2025-04-12 11:47:16,172 [WARN] PackLoader:240 - Cannot read IP mode file for STMicroelectronics.X-CUBE-BLEMGR.4.0.0
2025-04-12 11:47:16,227 [WARN] PackLoader:240 - Cannot read IP mode file for emotas.I-CUBE-CANOPEN.1.3.0
2025-04-12 11:47:16,265 [WARN] PackLoader:240 - Cannot read IP mode file for STMicroelectronics.X-CUBE-BLEMGR.3.1.0
2025-04-12 11:47:16,285 [WARN] PackLoader:240 - Cannot read IP mode file for STMicroelectronics.X-CUBE-AI.10.0.0
2025-04-12 11:47:16,448 [WARN] PackLoader:240 - Cannot read IP mode file for STMicroelectronics.FP-SNS-SMARTAG2.1.2.0
2025-04-12 11:47:16,453 [ERROR] Engine:466 - C:\Users\OS\.stm32cubemx\thirdparties\pdsc\STMicroelectronics.FP-SNS-FLIGHT1.5.1.0.pdsc: PDSC version is not supported
2025-04-12 11:47:16,547 [WARN] PackLoader:240 - Cannot read IP mode file for STMicroelectronics.X-CUBE-MEMS1.11.1.0
2025-04-12 11:47:16,599 [INFO] WebApp:220 - Starting web application
2025-04-12 11:47:16,599 [INFO] WebApp:578 - Web application path used C:\ST\STM32CubeIDE_1.16.0\STM32CubeIDE\plugins\com.st.stm32cube.common.mx_6.12.0.202406281431\db\plugins\mcufinder\reactClient1\index.html
2025-04-12 11:47:16,727 [INFO] LogOutputStream:77 - [STDOUT_REDIRECT] 1 : Invalid condition id : UX_CORESTACK_Condition cause : null
2025-04-12 11:47:16,729 [INFO] LogOutputStream:77 - [STDOUT_REDIRECT] 1 : Invalid condition id : UX_CORESTACK_Condition cause : null
2025-04-12 11:47:16,730 [INFO] LogOutputStream:77 - [STDOUT_REDIRECT] 1 : Invalid condition id : UX_CORESTACK_Condition cause : null
2025-04-12 11:47:16,732 [INFO] LogOutputStream:77 - [STDOUT_REDIRECT] 1 : Invalid condition id : UX_CORESTACK_Condition cause : null
2025-04-12 11:47:16,734 [INFO] LogOutputStream:77 - [STDOUT_REDIRECT] 1 : Invalid condition id : UX_CORESTACK_Condition cause : null
2025-04-12 11:47:16,738 [WARN] PackLoader:240 - Cannot read IP mode file for STMicroelectronics.X-CUBE-AZRTOS-WL.2.0.0
2025-04-12 11:47:16,749 [WARN] PackLoader:240 - Cannot read IP mode file for STMicroelectronics.FP-SNS-MOTENV1.5.0.0
2025-04-12 11:47:16,758 [WARN] PackLoader:240 - Cannot read IP mode file for wolfSSL.I-CUBE-wolfMQTT.1.19.0
2025-04-12 11:47:16,769 [WARN] PackLoader:240 - Cannot read IP mode file for WES.I-CUBE-Cesium.1.3.0
2025-04-12 11:47:16,778 [WARN] PackLoader:240 - Cannot read IP mode file for STMicroelectronics.X-CUBE-BLE2.3.3.0
2025-04-12 11:47:16,789 [WARN] PackLoader:240 - Cannot read IP mode file for STMicroelectronics.X-CUBE-NFC9.1.0.0
2025-04-12 11:47:16,806 [WARN] PackLoader:240 - Cannot read IP mode file for STMicroelectronics.X-CUBE-BLE1.7.1.0
2025-04-12 11:47:16,820 [WARN] PackLoader:240 - Cannot read IP mode file for STMicroelectronics.X-CUBE-TCPP.4.1.0
2025-04-12 11:47:16,823 [INFO] UserAuth:417 - Internet connection configuration mode: 1
2025-04-12 11:47:16,831 [WARN] PackLoader:240 - Cannot read IP mode file for STMicroelectronics.X-CUBE-ALGOBUILD.1.3.0
2025-04-12 11:47:16,868 [WARN] PackLoader:240 - Cannot read IP mode file for STMicroelectronics.X-CUBE-AZRTOS-G0.1.1.0
2025-04-12 11:47:16,880 [WARN] PackLoader:240 - Cannot read IP mode file for STMicroelectronics.X-CUBE-SAFEA1.1.2.2
2025-04-12 11:47:16,889 [WARN] PackLoader:240 - Cannot read IP mode file for STMicroelectronics.X-CUBE-NFC4.3.0.0
2025-04-12 11:47:16,895 [WARN] PackLoader:240 - Cannot read IP mode file for wolfSSL.I-CUBE-wolfMQTT.1.18.0
2025-04-12 11:47:16,913 [WARN] PackLoader:240 - Cannot read IP mode file for EmbeddedOffice.I-CUBE-FS-RTOS.1.0.1
2025-04-12 11:47:16,914 [ERROR] ConditionMgr:805 - Attr not supported : Dmpu
2025-04-12 11:47:16,914 [ERROR] ConditionMgr:805 - Attr not supported : Dmpu
2025-04-12 11:47:16,914 [ERROR] ConditionMgr:805 - Attr not supported : Dmpu
2025-04-12 11:47:16,914 [ERROR] ConditionMgr:805 - Attr not supported : Dmpu
2025-04-12 11:47:16,914 [ERROR] ConditionMgr:805 - Attr not supported : Dmpu
2025-04-12 11:47:16,914 [ERROR] ConditionMgr:805 - Attr not supported : Dmpu
2025-04-12 11:47:16,914 [ERROR] ConditionMgr:805 - Attr not supported : Dmpu
2025-04-12 11:47:16,914 [ERROR] ConditionMgr:805 - Attr not supported : Dmpu
2025-04-12 11:47:16,914 [ERROR] ConditionMgr:805 - Attr not supported : Dmpu
2025-04-12 11:47:16,915 [ERROR] ConditionMgr:805 - Attr not supported : Dmpu
2025-04-12 11:47:16,915 [ERROR] ConditionMgr:805 - Attr not supported : Dmpu
2025-04-12 11:47:16,915 [ERROR] ConditionMgr:805 - Attr not supported : Dmpu
2025-04-12 11:47:16,915 [ERROR] ConditionMgr:805 - Attr not supported : Dmpu
2025-04-12 11:47:16,915 [ERROR] ConditionMgr:805 - Attr not supported : Dmpu
2025-04-12 11:47:16,915 [ERROR] ConditionMgr:805 - Attr not supported : Dmpu
2025-04-12 11:47:16,915 [ERROR] ConditionMgr:805 - Attr not supported : Dmpu
2025-04-12 11:47:16,915 [ERROR] ConditionMgr:805 - Attr not supported : Dmpu
2025-04-12 11:47:16,915 [ERROR] ConditionMgr:805 - Attr not supported : Dmpu
2025-04-12 11:47:16,915 [ERROR] ConditionMgr:805 - Attr not supported : Dmpu
2025-04-12 11:47:16,915 [ERROR] ConditionMgr:805 - Attr not supported : Dmpu
2025-04-12 11:47:16,915 [ERROR] ConditionMgr:805 - Attr not supported : Dmpu
2025-04-12 11:47:16,915 [ERROR] ConditionMgr:805 - Attr not supported : Dmpu
2025-04-12 11:47:16,916 [ERROR] ConditionMgr:805 - Attr not supported : Dmpu
2025-04-12 11:47:16,916 [ERROR] ConditionMgr:805 - Attr not supported : Dmpu
2025-04-12 11:47:16,916 [ERROR] ConditionMgr:805 - Attr not supported : Dmpu
2025-04-12 11:47:16,916 [ERROR] ConditionMgr:805 - Attr not supported : Dmpu
2025-04-12 11:47:16,916 [ERROR] ConditionMgr:805 - Attr not supported : Dmpu
2025-04-12 11:47:16,916 [ERROR] ConditionMgr:805 - Attr not supported : Dmpu
2025-04-12 11:47:16,916 [ERROR] ConditionMgr:805 - Attr not supported : Dmpu
2025-04-12 11:47:16,916 [ERROR] ConditionMgr:805 - Attr not supported : Dmpu
2025-04-12 11:47:16,916 [ERROR] ConditionMgr:805 - Attr not supported : Dmpu
2025-04-12 11:47:16,916 [ERROR] ConditionMgr:805 - Attr not supported : Dmpu
2025-04-12 11:47:16,916 [ERROR] ConditionMgr:805 - Attr not supported : Dmpu
2025-04-12 11:47:16,916 [ERROR] ConditionMgr:805 - Attr not supported : Dmpu
2025-04-12 11:47:16,916 [ERROR] ConditionMgr:805 - Attr not supported : Dmpu
2025-04-12 11:47:16,916 [ERROR] ConditionMgr:805 - Attr not supported : Dmpu
2025-04-12 11:47:16,917 [ERROR] ConditionMgr:805 - Attr not supported : Dmpu
2025-04-12 11:47:16,917 [ERROR] ConditionMgr:805 - Attr not supported : Dmpu
2025-04-12 11:47:16,917 [ERROR] ConditionMgr:805 - Attr not supported : Dmpu
2025-04-12 11:47:16,917 [ERROR] ConditionMgr:805 - Attr not supported : Dmpu
2025-04-12 11:47:16,918 [ERROR] ConditionMgr:805 - Attr not supported : Dmpu
2025-04-12 11:47:16,918 [ERROR] ConditionMgr:805 - Attr not supported : Dmpu
2025-04-12 11:47:16,918 [ERROR] ConditionMgr:805 - Attr not supported : Dmpu
2025-04-12 11:47:16,918 [ERROR] ConditionMgr:805 - Attr not supported : Dmpu
2025-04-12 11:47:16,918 [ERROR] ConditionMgr:805 - Attr not supported : Dmpu
2025-04-12 11:47:16,918 [ERROR] ConditionMgr:805 - Attr not supported : Dmpu
2025-04-12 11:47:16,918 [ERROR] ConditionMgr:805 - Attr not supported : Dmpu
2025-04-12 11:47:16,918 [ERROR] ConditionMgr:805 - Attr not supported : Dmpu
2025-04-12 11:47:16,918 [ERROR] ConditionMgr:805 - Attr not supported : Dmpu
2025-04-12 11:47:16,918 [ERROR] ConditionMgr:805 - Attr not supported : Dmpu
2025-04-12 11:47:16,918 [ERROR] ConditionMgr:805 - Attr not supported : Dmpu
2025-04-12 11:47:16,918 [ERROR] ConditionMgr:805 - Attr not supported : Dmpu
2025-04-12 11:47:16,919 [ERROR] ConditionMgr:805 - Attr not supported : Dmpu
2025-04-12 11:47:16,919 [ERROR] ConditionMgr:805 - Attr not supported : Dmpu
2025-04-12 11:47:16,919 [ERROR] ConditionMgr:805 - Attr not supported : Dmpu
2025-04-12 11:47:16,919 [ERROR] ConditionMgr:805 - Attr not supported : Dmpu
2025-04-12 11:47:16,919 [ERROR] ConditionMgr:805 - Attr not supported : Dmpu
2025-04-12 11:47:16,919 [ERROR] ConditionMgr:805 - Attr not supported : Dmpu
2025-04-12 11:47:16,919 [ERROR] ConditionMgr:805 - Attr not supported : Dmpu
2025-04-12 11:47:16,919 [ERROR] ConditionMgr:805 - Attr not supported : Dmpu
2025-04-12 11:47:16,919 [ERROR] ConditionMgr:805 - Attr not supported : Dmpu
2025-04-12 11:47:16,919 [ERROR] ConditionMgr:805 - Attr not supported : Dmpu
2025-04-12 11:47:16,919 [ERROR] ConditionMgr:805 - Attr not supported : Dmpu
2025-04-12 11:47:16,919 [ERROR] ConditionMgr:805 - Attr not supported : Dmpu
2025-04-12 11:47:16,925 [ERROR] Engine:466 - C:\Users\OS\.stm32cubemx\thirdparties\pdsc\STMicroelectronics.X-CUBE-TCPP.4.2.0.pdsc: PDSC version is not supported
2025-04-12 11:47:16,934 [WARN] PackLoader:240 - Cannot read IP mode file for RealThread.X-CUBE-RT-Thread_Nano.4.1.1
2025-04-12 11:47:16,948 [WARN] PackLoader:240 - Cannot read IP mode file for STMicroelectronics.FP-ATR-SIGFOX1.3.2.0
2025-04-12 11:47:16,959 [WARN] ConditionMgr:438 - getConditionDescription Invalid condition id : Cortex-A Device cause : null
2025-04-12 11:47:17,009 [WARN] ConditionMgr:1039 - genDependencies : Invalid condition id : Cortex-A Device cause : null
2025-04-12 11:47:17,010 [WARN] ConditionMgr:1039 - genDependencies : Invalid condition id : Cortex-A Device cause : null
2025-04-12 11:47:17,010 [WARN] ConditionMgr:1039 - genDependencies : Invalid condition id : Cortex-A Device cause : null
2025-04-12 11:47:17,020 [WARN] PackLoader:240 - Cannot read IP mode file for STMicroelectronics.X-CUBE-EEPRMA1.5.1.0
2025-04-12 11:47:17,064 [WARN] PackLoader:240 - Cannot read IP mode file for SEGGER.I-CUBE-embOS.1.3.1
2025-04-12 11:47:17,136 [WARN] PackLoader:240 - Cannot read IP mode file for STMicroelectronics.X-CUBE-ALGOBUILD.1.4.0
2025-04-12 11:47:17,149 [WARN] PackLoader:240 - Cannot read IP mode file for STMicroelectronics.X-CUBE-AI.9.1.0
2025-04-12 11:47:17,162 [WARN] PackLoader:240 - Cannot read IP mode file for STMicroelectronics.X-CUBE-GNSS1.6.0.0
2025-04-12 11:47:17,189 [WARN] PackLoader:240 - Cannot read IP mode file for STMicroelectronics.X-CUBE-AZRTOS-F4.1.1.0
2025-04-12 11:47:17,201 [WARN] PackLoader:240 - Cannot read IP mode file for STMicroelectronics.X-CUBE-ISPU.2.1.0
2025-04-12 11:47:17,212 [WARN] PackLoader:240 - Cannot read IP mode file for STMicroelectronics.X-CUBE-FREERTOS.1.2.0
2025-04-12 11:47:17,218 [WARN] PackLoader:240 - Cannot read IP mode file for wolfSSL.I-CUBE-wolfSSL.5.6.6
2025-04-12 11:47:17,243 [WARN] PackLoader:240 - Cannot read IP mode file for STMicroelectronics.X-CUBE-AZRTOS-L5.2.0.0
2025-04-12 11:47:17,258 [WARN] PackLoader:240 - Cannot read IP mode file for STMicroelectronics.X-CUBE-NFC6.3.1.0
2025-04-12 11:47:17,274 [WARN] PackLoader:240 - Cannot read IP mode file for ITTIA_DB.I-CUBE-ITTIADB.8.8.0
2025-04-12 11:47:17,285 [WARN] PackLoader:240 - Cannot read IP mode file for STMicroelectronics.X-CUBE-DPower.1.2.0
2025-04-12 11:47:17,293 [WARN] PackLoader:240 - Cannot read IP mode file for STMicroelectronics.X-CUBE-AI.9.0.0
2025-04-12 11:47:17,303 [WARN] PackLoader:240 - Cannot read IP mode file for STMicroelectronics.X-CUBE-FREERTOS.1.3.0
2025-04-12 11:47:17,315 [WARN] PackLoader:240 - Cannot read IP mode file for STMicroelectronics.X-CUBE-NFC7.1.0.1
2025-04-12 11:47:17,329 [WARN] PackLoader:240 - Cannot read IP mode file for wolfSSL.I-CUBE-wolfTPM.3.2.0
2025-04-12 11:47:17,339 [WARN] PackLoader:240 - Cannot read IP mode file for STMicroelectronics.X-CUBE-DPower.1.3.0
2025-04-12 11:47:17,346 [WARN] PackLoader:240 - Cannot read IP mode file for STMicroelectronics.X-CUBE-AI.8.1.0
2025-04-12 11:47:17,373 [WARN] ConditionMgr:438 - getConditionDescription Invalid condition id : LAN8742 Phy interface Condition cause : null
2025-04-12 11:47:17,373 [WARN] PackLoader:240 - Cannot read IP mode file for STMicroelectronics.X-CUBE-AZRTOS-L4.2.0.0
2025-04-12 11:47:17,375 [WARN] ConditionMgr:1039 - genDependencies : Invalid condition id : LAN8742 Phy interface Condition cause : null
2025-04-12 11:47:17,375 [WARN] ConditionMgr:1039 - genDependencies : Invalid condition id : LAN8742 Phy interface Condition cause : null
2025-04-12 11:47:17,376 [WARN] ConditionMgr:1039 - genDependencies : Invalid condition id : LAN8742 Phy interface Condition cause : null
2025-04-12 11:47:17,387 [WARN] PackLoader:240 - Cannot read IP mode file for STMicroelectronics.X-CUBE-SFXS2LP1.4.0.0
2025-04-12 11:47:17,417 [WARN] PackLoader:240 - Cannot read IP mode file for STMicroelectronics.X-CUBE-AZRTOS-H7.3.3.0
2025-04-12 11:47:17,442 [WARN] PackLoader:240 - Cannot read IP mode file for STMicroelectronics.X-CUBE-IPS.3.0.0
2025-04-12 11:47:17,463 [WARN] ConditionMgr:438 - getConditionDescription Invalid condition id : UX DEVICE CLASS RTOS Condition cause : null
2025-04-12 11:47:17,464 [WARN] ConditionMgr:438 - getConditionDescription Invalid condition id : UX DEVICE CLASS RTOS Condition cause : null
2025-04-12 11:47:17,468 [WARN] PackLoader:240 - Cannot read IP mode file for STMicroelectronics.X-CUBE-AZRTOS-WB.2.0.0
2025-04-12 11:47:17,469 [WARN] ConditionMgr:1039 - genDependencies : Invalid condition id : UX DEVICE CLASS RTOS Condition cause : null
2025-04-12 11:47:17,470 [WARN] ConditionMgr:1039 - genDependencies : Invalid condition id : UX DEVICE CLASS RTOS Condition cause : null
2025-04-12 11:47:17,471 [WARN] ConditionMgr:1039 - genDependencies : Invalid condition id : UX DEVICE CLASS RTOS Condition cause : null
2025-04-12 11:47:17,471 [WARN] ConditionMgr:1039 - genDependencies : Invalid condition id : UX DEVICE CLASS RTOS Condition cause : null
2025-04-12 11:47:17,472 [WARN] ConditionMgr:1039 - genDependencies : Invalid condition id : UX DEVICE CLASS RTOS Condition cause : null
2025-04-12 11:47:17,481 [WARN] PackLoader:240 - Cannot read IP mode file for STMicroelectronics.X-CUBE-GNSS1.7.0.0
2025-04-12 11:47:17,500 [WARN] PackLoader:240 - Cannot read IP mode file for STMicroelectronics.X-CUBE-GNSS1.7.0.1
2025-04-12 11:47:17,510 [WARN] PackLoader:240 - Cannot read IP mode file for STMicroelectronics.X-CUBE-TOUCHGFX.4.25.0
2025-04-12 11:47:17,518 [WARN] PackLoader:240 - Cannot read IP mode file for STMicroelectronics.FP-SNS-STBOX1.2.0.0
2025-04-12 11:47:17,541 [WARN] PackLoader:240 - Cannot read IP mode file for STMicroelectronics.X-CUBE-SUBG2.5.0.0
2025-04-12 11:47:17,594 [WARN] PackLoader:240 - Cannot read IP mode file for STMicroelectronics.X-CUBE-AZRTOS-H7RS.1.1.0
2025-04-12 11:47:17,606 [WARN] PackLoader:240 - Cannot read IP mode file for Cesanta.I-CUBE-Mongoose.7.13.0
2025-04-12 11:47:17,626 [WARN] PackLoader:240 - Cannot read IP mode file for STMicroelectronics.X-CUBE-AZRTOS-G4.2.0.0
2025-04-12 11:47:17,647 [WARN] PackLoader:240 - Cannot read IP mode file for Infineon.AIROC-Wi-Fi-Bluetooth-STM32.1.5.1
2025-04-12 11:47:17,659 [WARN] PackLoader:240 - Cannot read IP mode file for STMicroelectronics.FP-SNS-MOTENVWB1.1.3.1
2025-04-12 11:47:17,676 [WARN] PackLoader:240 - Cannot read IP mode file for STMicroelectronics.X-CUBE-ISPU.2.0.0
2025-04-12 11:47:17,686 [ERROR] Engine:466 - C:\Users\OS\.stm32cubemx\thirdparties\pdsc\STMicroelectronics.X-CUBE-IPS.3.1.0.pdsc: PDSC version is not supported
2025-04-12 11:47:17,692 [WARN] PackLoader:240 - Cannot read IP mode file for STMicroelectronics.X-CUBE-ALS.1.0.2
2025-04-12 11:47:17,736 [WARN] PackLoader:240 - Cannot read IP mode file for STMicroelectronics.X-CUBE-MEMS1.10.0.0
2025-04-12 11:47:17,855 [WARN] PackLoader:240 - Cannot read IP mode file for STMicroelectronics.X-CUBE-FREERTOS.1.1.0
2025-04-12 11:47:17,858 [WARN] PackLoader:240 - Cannot read IP mode file for STMicroelectronics.X-CUBE-TOUCHGFX.4.24.0
2025-04-12 11:47:17,862 [WARN] PackLoader:240 - Cannot read IP mode file for STMicroelectronics.X-CUBE-TOUCHGFX.4.24.2
2025-04-12 11:47:17,865 [WARN] PackLoader:240 - Cannot read IP mode file for STMicroelectronics.X-CUBE-TOUCHGFX.4.24.1
2025-04-12 11:47:17,872 [WARN] PackLoader:240 - Cannot read IP mode file for portGmbH.I-Cube-SoM-uGOAL.1.1.0
2025-04-12 11:47:17,876 [WARN] PackLoader:240 - Cannot read IP mode file for STMicroelectronics.X-CUBE-ALS.1.0.1
2025-04-12 11:47:17,894 [WARN] PackLoader:240 - Cannot read IP mode file for STMicroelectronics.X-CUBE-AZRTOS-H7RS.1.0.0
2025-04-12 11:47:17,900 [WARN] PackLoader:240 - Cannot read IP mode file for STMicroelectronics.FP-ATR-ASTRA1.2.0.0
2025-04-12 11:47:17,912 [WARN] PackLoader:240 - Cannot read IP mode file for STMicroelectronics.X-CUBE-TOF1.3.4.2
2025-04-12 11:47:17,933 [WARN] PackLoader:240 - Cannot read IP mode file for STMicroelectronics.X-CUBE-TOF1.3.4.1
2025-04-12 11:47:17,962 [WARN] PackLoader:240 - Cannot read IP mode file for STMicroelectronics.X-CUBE-AZRTOS-H7.3.2.0
2025-04-12 11:47:17,969 [WARN] PackLoader:240 - Cannot read IP mode file for wolfSSL.I-CUBE-wolfSSH.1.4.17
2025-04-12 11:47:17,970 [INFO] ThirdParty:978 - Integrity check success = true
2025-04-12 11:47:17,970 [INFO] IntegrityCheckThread:100 - exiting critical section [integrity check]
2025-04-12 11:47:17,970 [INFO] IntegrityCheckThread:103 - End integrity checks thread
2025-04-12 15:32:32,114 [INFO] Activator:176 - 


2025-04-12 15:32:32,116 [INFO] Activator:177 - !SESSION log4j initialized
2025-04-12 15:32:37,398 [INFO] LogOutputStream:77 - [STDOUT_REDIRECT] 
2025-04-12 15:32:40,172 [INFO] ApplicationProperties:184 - Using Application install path: C:\ST\STM32CubeIDE_1.16.0\STM32CubeIDE\plugins\com.st.stm32cube.common.mx_6.12.0.202406281431
2025-04-12 15:32:40,190 [INFO] DbMcusXml:78 - Set database path to: C:\ST\STM32CubeIDE_1.16.0\STM32CubeIDE\plugins\com.st.stm32cube.common.mx_6.12.0.202406281431\\db\/mcu/
2025-04-12 15:32:40,191 [INFO] ApiDb:274 - Set plugin database path to: C:\ST\STM32CubeIDE_1.16.0\STM32CubeIDE\plugins\com.st.stm32cube.common.mx_6.12.0.202406281431\\db\/plugins/boardmanager/
2025-04-12 15:32:40,191 [WARN] ApiDb:259 - Overriding images path with different value:  => C:\ST\STM32CubeIDE_1.16.0\STM32CubeIDE\plugins\com.st.stm32cube.common.mx_6.12.0.202406281431\\db\/plugins/mcufinder/images/
2025-04-12 15:32:40,197 [INFO] ApiDb:250 - Set database path to: C:\Users\OS\.stmcufinder\plugins\mcufinder//mcu/
2025-04-12 15:32:40,198 [INFO] DbMcusAds:125 - Set database path to: C:\Users\OS\.stmcufinder\plugins\mcufinder//mcu/
2025-04-12 15:32:41,082 [INFO] CrossReferenceDbSqlite:203 - Set database path to: C:\Users\OS\.stmcufinder\plugins\mcufinder//mcu/cs/
2025-04-12 15:32:41,169 [INFO] RulesReader:64 - Compatibility file has been processed (297 Rules)
2025-04-12 15:32:41,237 [INFO] DbMcusXml:78 - Set database path to: C:\ST\STM32CubeIDE_1.16.0\STM32CubeIDE\plugins\com.st.stm32cube.common.mx_6.12.0.202406281431\\db\/mcu/
2025-04-12 15:32:41,237 [INFO] ApiDb:274 - Set plugin database path to: C:\ST\STM32CubeIDE_1.16.0\STM32CubeIDE\plugins\com.st.stm32cube.common.mx_6.12.0.202406281431\\db\/plugins/boardmanager/
2025-04-12 15:32:41,237 [INFO] ApiDb:261 - Set plugin images path to: C:\ST\STM32CubeIDE_1.16.0\STM32CubeIDE\plugins\com.st.stm32cube.common.mx_6.12.0.202406281431\\db\/plugins/mcufinder/images/
2025-04-12 15:32:41,237 [WARN] DbFile:41 - Overriding database path with different value: C:\Users\OS\.stmcufinder\plugins\mcufinder/ => C:\Users\OS\.stmcufinder\plugins\mcufinder
2025-04-12 15:32:41,237 [INFO] ApiDb:250 - Set database path to: C:\Users\OS\.stmcufinder\plugins\mcufinder//mcu/
2025-04-12 15:32:41,238 [WARN] DbFile:41 - Overriding database path with different value: C:\Users\OS\.stmcufinder\plugins\mcufinder/ => C:\Users\OS\.stmcufinder\plugins\mcufinder
2025-04-12 15:32:41,238 [INFO] DbMcusAds:125 - Set database path to: C:\Users\OS\.stmcufinder\plugins\mcufinder//mcu/
2025-04-12 15:32:41,238 [WARN] DbFile:41 - Overriding database path with different value: C:\Users\OS\.stmcufinder\plugins\mcufinder/ => C:\Users\OS\.stmcufinder\plugins\mcufinder
2025-04-12 15:32:41,238 [WARN] DbFile:41 - Overriding database path with different value: C:\Users\OS\.stmcufinder\plugins\mcufinder/ => C:\Users\OS\.stmcufinder\plugins\mcufinder
2025-04-12 15:32:42,082 [INFO] CrossReferenceDbSqlite:203 - Set database path to: C:\Users\OS\.stmcufinder\plugins\mcufinder//mcu/cs/
2025-04-12 15:32:42,158 [INFO] MainPanel:268 - HeapMemory: 268435456
2025-04-12 15:32:42,228 [INFO] DbMcusXml:78 - Set database path to: C:\ST\STM32CubeIDE_1.16.0\STM32CubeIDE\plugins\com.st.stm32cube.common.mx_6.12.0.202406281431\\db\/mcu/
2025-04-12 15:32:42,228 [INFO] ApiDb:274 - Set plugin database path to: C:\ST\STM32CubeIDE_1.16.0\STM32CubeIDE\plugins\com.st.stm32cube.common.mx_6.12.0.202406281431\\db\/plugins/boardmanager/
2025-04-12 15:32:42,228 [INFO] ApiDb:261 - Set plugin images path to: C:\ST\STM32CubeIDE_1.16.0\STM32CubeIDE\plugins\com.st.stm32cube.common.mx_6.12.0.202406281431\\db\/plugins/mcufinder/images/
2025-04-12 15:32:42,228 [WARN] DbFile:41 - Overriding database path with different value: C:\Users\OS\.stmcufinder\plugins\mcufinder/ => C:\Users\OS\.stmcufinder\plugins\mcufinder
2025-04-12 15:32:42,228 [INFO] ApiDb:250 - Set database path to: C:\Users\OS\.stmcufinder\plugins\mcufinder//mcu/
2025-04-12 15:32:42,228 [WARN] DbFile:41 - Overriding database path with different value: C:\Users\OS\.stmcufinder\plugins\mcufinder/ => C:\Users\OS\.stmcufinder\plugins\mcufinder
2025-04-12 15:32:42,228 [INFO] DbMcusAds:125 - Set database path to: C:\Users\OS\.stmcufinder\plugins\mcufinder//mcu/
2025-04-12 15:32:42,229 [WARN] DbFile:41 - Overriding database path with different value: C:\Users\OS\.stmcufinder\plugins\mcufinder/ => C:\Users\OS\.stmcufinder\plugins\mcufinder
2025-04-12 15:32:42,229 [WARN] DbFile:41 - Overriding database path with different value: C:\Users\OS\.stmcufinder\plugins\mcufinder/ => C:\Users\OS\.stmcufinder\plugins\mcufinder
2025-04-12 15:32:43,081 [INFO] CrossReferenceDbSqlite:203 - Set database path to: C:\Users\OS\.stmcufinder\plugins\mcufinder//mcu/cs/
2025-04-12 15:32:43,096 [INFO] ApplicationProperties:184 - Using Application install path: C:\ST\STM32CubeIDE_1.16.0\STM32CubeIDE\plugins\com.st.stm32cube.common.mx_6.12.0.202406281431
2025-04-12 15:32:43,097 [INFO] PluginManage:196 - Search for loadable plugins [exclusion list=, ]
2025-04-12 15:32:43,098 [INFO] PluginManage:310 - Check plugin analytics
2025-04-12 15:32:44,148 [INFO] AnalyticsPlugin:253 - Accepted Software Licenses: STM32CubeMX.6.10.0
2025-04-12 15:32:44,149 [INFO] AnalyticsPlugin:255 - Accepted CMSIS Pack Licenses: STMicroelectronics.X-CUBE-AI.10.0.0
2025-04-12 15:32:44,149 [INFO] AnalyticsPlugin:257 - Accepted Firmware Licenses: FW.F4.1.28.0,FW.F7.1.17.0
2025-04-12 15:32:44,151 [INFO] PluginManage:359 - Loaded plugin analytics (category:tool,tabindex:-1)
2025-04-12 15:32:44,151 [INFO] PluginManage:310 - Check plugin cadmodel
2025-04-12 15:32:44,155 [INFO] CADModel:105 - Init CAD model plugin
2025-04-12 15:32:44,155 [INFO] PluginManage:359 - Loaded plugin cadmodel (category:power,tabindex:5)
2025-04-12 15:32:44,155 [INFO] PluginManage:310 - Check plugin clock
2025-04-12 15:32:44,162 [INFO] PluginManage:359 - Loaded plugin clock (category:base,tabindex:2)
2025-04-12 15:32:44,162 [INFO] PluginManage:310 - Check plugin ddr
2025-04-12 15:32:44,163 [INFO] PluginManage:359 - Loaded plugin ddr (category:tool,tabindex:6)
2025-04-12 15:32:44,163 [INFO] PluginManage:310 - Check plugin filemanager
2025-04-12 15:32:44,295 [INFO] PluginManage:359 - Loaded plugin filemanager (category:base,tabindex:10)
2025-04-12 15:32:44,295 [INFO] PluginManage:310 - Check plugin ipmanager
2025-04-12 15:32:44,302 [INFO] PluginManage:359 - Loaded plugin ipmanager (category:base,tabindex:5)
2025-04-12 15:32:44,302 [INFO] PluginManage:310 - Check plugin lpbam
2025-04-12 15:32:44,308 [INFO] PluginManage:359 - Loaded plugin lpbam (category:base,tabindex:0)
2025-04-12 15:32:44,308 [INFO] PluginManage:310 - Check plugin memorymap
2025-04-12 15:32:44,316 [INFO] PluginManage:359 - Loaded plugin memorymap (category:base,tabindex:4)
2025-04-12 15:32:44,316 [INFO] PluginManage:310 - Check plugin pinoutandconfiguration
2025-04-12 15:32:44,323 [INFO] PluginManage:359 - Loaded plugin pinoutandconfiguration (category:base,tabindex:1)
2025-04-12 15:32:44,323 [INFO] PluginManage:310 - Check plugin pinoutconfig
2025-04-12 15:32:44,393 [WARN] SupportedApi:132 - Cannot load RTOS API schema: s4s-elt-must-match.1: The content of 'definitions' must match (annotation?, (simpleType | complexType)?, (unique | key | keyref)*)). A problem was found starting at: attribute.
2025-04-12 15:32:44,499 [INFO] PluginManage:359 - Loaded plugin pinoutconfig (category:base,tabindex:0)
2025-04-12 15:32:44,499 [INFO] PluginManage:310 - Check plugin power
2025-04-12 15:32:44,506 [INFO] PluginManage:359 - Loaded plugin power (category:power,tabindex:4)
2025-04-12 15:32:44,506 [INFO] PluginManage:310 - Check plugin projectmanager
2025-04-12 15:32:44,522 [INFO] PluginManage:359 - Loaded plugin projectmanager (category:projectmanager,tabindex:4)
2025-04-12 15:32:44,522 [INFO] PluginManage:310 - Check plugin rif
2025-04-12 15:32:44,528 [INFO] PluginManage:359 - Loaded plugin rif (category:base,tabindex:3)
2025-04-12 15:32:44,528 [INFO] PluginManage:310 - Check plugin thirdparty
2025-04-12 15:32:44,639 [INFO] PluginManage:359 - Loaded plugin thirdparty (category:base,tabindex:-1)
2025-04-12 15:32:44,639 [WARN] IntegrityCheckThread:84 - waiting for thirdparty lock release [integrity check]
2025-04-12 15:32:44,640 [INFO] IntegrityCheckThread:86 - entering critical section [integrity check]
2025-04-12 15:32:44,640 [INFO] PluginManage:310 - Check plugin tools
2025-04-12 15:32:44,640 [INFO] ThirdPartyUpdaterWithRetryManager:70 - Updater plugin not ready yet. [1/15]
2025-04-12 15:32:44,643 [INFO] PluginManage:359 - Loaded plugin tools (category:base,tabindex:7)
2025-04-12 15:32:44,643 [INFO] PluginManage:310 - Check plugin tutovideos
2025-04-12 15:32:44,838 [INFO] PluginManage:359 - Loaded plugin tutovideos (category:base,tabindex:-1)
2025-04-12 15:32:44,838 [INFO] PluginManage:310 - Check plugin updater
2025-04-12 15:32:44,854 [INFO] PluginManage:359 - Loaded plugin updater (category:base,tabindex:12)
2025-04-12 15:32:44,854 [INFO] PluginManage:310 - Check plugin userauth
2025-04-12 15:32:44,860 [INFO] UserAuth:113 - Init User Auth plugin
2025-04-12 15:32:44,860 [INFO] PluginManage:359 - Loaded plugin userauth (category:base,tabindex:14)
2025-04-12 15:32:44,861 [INFO] PluginManage:283 - PluginManage : Loaded plugins [18]
2025-04-12 15:32:45,112 [INFO] PinOutPanel:1561 - setPackage(No Configuration,No Configuration)
2025-04-12 15:32:45,198 [INFO] CADModel:165 - CPN selected for project level
2025-04-12 15:32:45,198 [INFO] CADModel:114 - Register for checkConnection events
2025-04-12 15:32:45,211 [INFO] IPUIPlugin:80 - create IPUIPlugin
2025-04-12 15:32:45,211 [INFO] PluginManager:220 - loadIPPluginJar : add adc
2025-04-12 15:32:45,213 [INFO] IPUIPlugin:80 - create IPUIPlugin
2025-04-12 15:32:45,213 [INFO] PluginManager:220 - loadIPPluginJar : add aes
2025-04-12 15:32:45,216 [INFO] IPUIPlugin:80 - create IPUIPlugin
2025-04-12 15:32:45,216 [INFO] PluginManager:220 - loadIPPluginJar : add can
2025-04-12 15:32:45,217 [INFO] IPUIPlugin:80 - create IPUIPlugin
2025-04-12 15:32:45,217 [INFO] PluginManager:220 - loadIPPluginJar : add comp
2025-04-12 15:32:45,219 [INFO] IPUIPlugin:80 - create IPUIPlugin
2025-04-12 15:32:45,220 [INFO] PluginManager:220 - loadIPPluginJar : add cryp
2025-04-12 15:32:45,222 [INFO] IPUIPlugin:80 - create IPUIPlugin
2025-04-12 15:32:45,222 [INFO] PluginManager:220 - loadIPPluginJar : add ddr_ctrl_phy
2025-04-12 15:32:45,224 [INFO] IPUIPlugin:80 - create IPUIPlugin
2025-04-12 15:32:45,225 [INFO] PluginManager:220 - loadIPPluginJar : add dfsdm
2025-04-12 15:32:45,229 [INFO] IPUIPlugin:80 - create IPUIPlugin
2025-04-12 15:32:45,230 [INFO] PluginManager:220 - loadIPPluginJar : add dma
2025-04-12 15:32:45,232 [INFO] IPUIPlugin:80 - create IPUIPlugin
2025-04-12 15:32:45,232 [INFO] PluginManager:220 - loadIPPluginJar : add dma3
2025-04-12 15:32:45,235 [INFO] IPUIPlugin:80 - create IPUIPlugin
2025-04-12 15:32:45,235 [INFO] PluginManager:220 - loadIPPluginJar : add extmemmanager
2025-04-12 15:32:45,237 [INFO] IPUIPlugin:80 - create IPUIPlugin
2025-04-12 15:32:45,237 [INFO] PluginManager:220 - loadIPPluginJar : add fatfs
2025-04-12 15:32:45,241 [INFO] IPUIPlugin:80 - create IPUIPlugin
2025-04-12 15:32:45,241 [INFO] PluginManager:220 - loadIPPluginJar : add fmc
2025-04-12 15:32:45,245 [INFO] IPUIPlugin:80 - create IPUIPlugin
2025-04-12 15:32:45,245 [INFO] PluginManager:220 - loadIPPluginJar : add freertos
2025-04-12 15:32:45,247 [INFO] IPUIPlugin:80 - create IPUIPlugin
2025-04-12 15:32:45,247 [INFO] PluginManager:220 - loadIPPluginJar : add genericplugin
2025-04-12 15:32:45,249 [INFO] IPUIPlugin:80 - create IPUIPlugin
2025-04-12 15:32:45,249 [INFO] PluginManager:220 - loadIPPluginJar : add gfxmmu
2025-04-12 15:32:45,253 [INFO] IPUIPlugin:80 - create IPUIPlugin
2025-04-12 15:32:45,253 [INFO] PluginManager:220 - loadIPPluginJar : add gic
2025-04-12 15:32:45,256 [INFO] IPUIPlugin:80 - create IPUIPlugin
2025-04-12 15:32:45,256 [INFO] PluginManager:220 - loadIPPluginJar : add gpio
2025-04-12 15:32:45,260 [INFO] IPUIPlugin:80 - create IPUIPlugin
2025-04-12 15:32:45,260 [INFO] PluginManager:220 - loadIPPluginJar : add gtzc
2025-04-12 15:32:45,262 [INFO] IPUIPlugin:80 - create IPUIPlugin
2025-04-12 15:32:45,262 [INFO] PluginManager:220 - loadIPPluginJar : add hash
2025-04-12 15:32:45,263 [INFO] IPUIPlugin:80 - create IPUIPlugin
2025-04-12 15:32:45,264 [INFO] PluginManager:220 - loadIPPluginJar : add i2c
2025-04-12 15:32:45,265 [INFO] IPUIPlugin:80 - create IPUIPlugin
2025-04-12 15:32:45,266 [INFO] PluginManager:220 - loadIPPluginJar : add i2s
2025-04-12 15:32:45,268 [INFO] IPUIPlugin:80 - create IPUIPlugin
2025-04-12 15:32:45,268 [INFO] PluginManager:220 - loadIPPluginJar : add i3c
2025-04-12 15:32:45,270 [INFO] IPUIPlugin:80 - create IPUIPlugin
2025-04-12 15:32:45,271 [INFO] PluginManager:220 - loadIPPluginJar : add ipddr
2025-04-12 15:32:45,276 [INFO] IPUIPlugin:80 - create IPUIPlugin
2025-04-12 15:32:45,276 [INFO] PluginManager:220 - loadIPPluginJar : add linkedlist
2025-04-12 15:32:45,278 [INFO] IPUIPlugin:80 - create IPUIPlugin
2025-04-12 15:32:45,278 [INFO] PluginManager:220 - loadIPPluginJar : add lorawan
2025-04-12 15:32:45,279 [INFO] IPUIPlugin:80 - create IPUIPlugin
2025-04-12 15:32:45,279 [INFO] PluginManager:220 - loadIPPluginJar : add ltdc
2025-04-12 15:32:45,283 [INFO] IPUIPlugin:80 - create IPUIPlugin
2025-04-12 15:32:45,283 [INFO] PluginManager:220 - loadIPPluginJar : add mdma
2025-04-12 15:32:45,285 [INFO] IPUIPlugin:80 - create IPUIPlugin
2025-04-12 15:32:45,286 [INFO] PluginManager:220 - loadIPPluginJar : add nvic
2025-04-12 15:32:45,288 [INFO] IPUIPlugin:80 - create IPUIPlugin
2025-04-12 15:32:45,289 [INFO] PluginManager:220 - loadIPPluginJar : add opamp
2025-04-12 15:32:45,291 [INFO] IPUIPlugin:80 - create IPUIPlugin
2025-04-12 15:32:45,291 [INFO] PluginManager:220 - loadIPPluginJar : add openamp
2025-04-12 15:32:45,293 [INFO] IPUIPlugin:80 - create IPUIPlugin
2025-04-12 15:32:45,293 [INFO] PluginManager:220 - loadIPPluginJar : add pdm2pcm
2025-04-12 15:32:45,298 [INFO] IPUIPlugin:80 - create IPUIPlugin
2025-04-12 15:32:45,300 [INFO] PluginManager:220 - loadIPPluginJar : add plateformsettings
2025-04-12 15:32:45,302 [INFO] IPUIPlugin:80 - create IPUIPlugin
2025-04-12 15:32:45,302 [INFO] PluginManager:220 - loadIPPluginJar : add quadspi
2025-04-12 15:32:45,304 [INFO] IPUIPlugin:80 - create IPUIPlugin
2025-04-12 15:32:45,304 [INFO] PluginManager:220 - loadIPPluginJar : add radio
2025-04-12 15:32:45,306 [INFO] IPUIPlugin:80 - create IPUIPlugin
2025-04-12 15:32:45,306 [INFO] PluginManager:220 - loadIPPluginJar : add resmgrutility
2025-04-12 15:32:45,310 [INFO] IPUIPlugin:80 - create IPUIPlugin
2025-04-12 15:32:45,310 [INFO] PluginManager:220 - loadIPPluginJar : add sai
2025-04-12 15:32:45,312 [INFO] IPUIPlugin:80 - create IPUIPlugin
2025-04-12 15:32:45,312 [INFO] PluginManager:220 - loadIPPluginJar : add spi
2025-04-12 15:32:45,316 [INFO] IPUIPlugin:80 - create IPUIPlugin
2025-04-12 15:32:45,316 [INFO] PluginManager:220 - loadIPPluginJar : add stm32_wpan
2025-04-12 15:32:45,317 [INFO] IPUIPlugin:80 - create IPUIPlugin
2025-04-12 15:32:45,317 [INFO] PluginManager:220 - loadIPPluginJar : add tim
2025-04-12 15:32:45,319 [INFO] IPUIPlugin:80 - create IPUIPlugin
2025-04-12 15:32:45,319 [INFO] PluginManager:220 - loadIPPluginJar : add touchsensing
2025-04-12 15:32:45,321 [INFO] IPUIPlugin:80 - create IPUIPlugin
2025-04-12 15:32:45,321 [INFO] PluginManager:220 - loadIPPluginJar : add tracer_emb
2025-04-12 15:32:45,323 [INFO] IPUIPlugin:80 - create IPUIPlugin
2025-04-12 15:32:45,323 [INFO] PluginManager:220 - loadIPPluginJar : add ts
2025-04-12 15:32:45,325 [INFO] IPUIPlugin:80 - create IPUIPlugin
2025-04-12 15:32:45,325 [INFO] PluginManager:220 - loadIPPluginJar : add tsc
2025-04-12 15:32:45,327 [INFO] IPUIPlugin:80 - create IPUIPlugin
2025-04-12 15:32:45,329 [INFO] PluginManager:220 - loadIPPluginJar : add ucpd
2025-04-12 15:32:45,331 [INFO] IPUIPlugin:80 - create IPUIPlugin
2025-04-12 15:32:45,331 [INFO] PluginManager:220 - loadIPPluginJar : add usart
2025-04-12 15:32:45,333 [INFO] IPUIPlugin:80 - create IPUIPlugin
2025-04-12 15:32:45,333 [INFO] PluginManager:220 - loadIPPluginJar : add usbx
2025-04-12 15:32:45,457 [INFO] CADModel:165 - CPN selected for project level
2025-04-12 15:32:45,457 [INFO] CADModel:114 - Register for checkConnection events
2025-04-12 15:32:45,457 [FATAL] Updater:334 - Updater called before beeing initialized
2025-04-12 15:32:45,458 [ERROR] CADModel:125 - Updater not yet initialized, retry later 
2025-04-12 15:32:45,569 [INFO] CADModel:165 - CPN selected for project level
2025-04-12 15:32:45,569 [INFO] CADModel:114 - Register for checkConnection events
2025-04-12 15:32:45,569 [FATAL] Updater:334 - Updater called before beeing initialized
2025-04-12 15:32:45,569 [ERROR] CADModel:125 - Updater not yet initialized, retry later 
2025-04-12 15:32:45,572 [FATAL] Updater:334 - Updater called before beeing initialized
2025-04-12 15:32:45,656 [FATAL] Updater:334 - Updater called before beeing initialized
2025-04-12 15:32:45,661 [INFO] DbMcusAds:53 - JSON generation date=Thu Mar 06 21:54:22 ICT 2025 (1741272862204)
2025-04-12 15:32:45,661 [FATAL] Updater:334 - Updater called before beeing initialized
2025-04-12 15:32:45,689 [WARN] DetailPanel:346 - Failed to get advertising image, set to default
2025-04-12 15:32:45,763 [FATAL] Updater:334 - Updater called before beeing initialized
2025-04-12 15:32:45,764 [FATAL] Updater:334 - Updater called before beeing initialized
2025-04-12 15:32:45,765 [FATAL] Updater:334 - Updater called before beeing initialized
2025-04-12 15:32:45,765 [WARN] DetailPanel:346 - Failed to get advertising image, set to default
2025-04-12 15:32:45,765 [FATAL] Updater:334 - Updater called before beeing initialized
2025-04-12 15:32:45,804 [ERROR] Updater:1164 - MainUpdater not yet initialized. External WinMGr cannot be set.
2025-04-12 15:32:45,806 [INFO] Updater:1100 - Updater Version found : 6.12.0
2025-04-12 15:32:45,822 [INFO] ApplicationProperties:184 - Using Application install path: C:\ST\STM32CubeIDE_1.16.0\STM32CubeIDE\plugins\com.st.stm32cube.common.mx_6.12.0.202406281431
2025-04-12 15:32:46,149 [INFO] MainUpdater:2873 - connection check result : 10
2025-04-12 15:32:46,150 [INFO] MainUpdater:290 - Updater Check For Update Now.
2025-04-12 15:32:46,150 [INFO] MicroXplorer:498 - Change Database Version : DB.6.0.120
2025-04-12 15:32:46,159 [INFO] McuFinderGlobals:63 - Set McuFinder mode to 2 (CubeIDE integrated)
2025-04-12 15:32:46,159 [INFO] UserAuth:417 - Internet connection configuration mode: 1
2025-04-12 15:32:46,176 [INFO] JxBrowserEngine:152 - Initiate JxBrowser Engine with user profile folder
2025-04-12 15:32:46,340 [INFO] CheckServerUpdateThread:120 - End of CheckServer Thread
2025-04-12 15:32:46,931 [INFO] WebApp:167 - Instantiating new browser for Auth
2025-04-12 15:32:47,831 [INFO] WebApp:448 - Apply proxy settings
2025-04-12 15:32:47,832 [INFO] WebApp:533 - Chromium requires no authentication
2025-04-12 15:32:47,857 [INFO] WebApp:476 - Direct internet connection detected
2025-04-12 15:32:47,903 [INFO] WebApp:869 - Register for checkConnection events
2025-04-12 15:32:47,903 [INFO] WebApp:448 - Apply proxy settings
2025-04-12 15:32:47,903 [INFO] WebApp:533 - Chromium requires no authentication
2025-04-12 15:32:47,904 [INFO] WebApp:476 - Direct internet connection detected
2025-04-12 15:32:47,998 [WARN] PackLoader:240 - Cannot read IP mode file for STMicroelectronics.FP-SNS-MOTENVWB1.1.4.0
2025-04-12 15:32:48,012 [WARN] PackLoader:240 - Cannot read IP mode file for STMicroelectronics.FP-ATR-ASTRA1.2.0.2
2025-04-12 15:32:48,018 [WARN] PackLoader:240 - Cannot read IP mode file for STMicroelectronics.FP-ATR-ASTRA1.2.0.1
2025-04-12 15:32:48,034 [WARN] PackLoader:240 - Cannot read IP mode file for STMicroelectronics.X-CUBE-SMBUS.2.1.0
2025-04-12 15:32:48,045 [WARN] PackLoader:240 - Cannot read IP mode file for STMicroelectronics.X-CUBE-WB05N.1.1.0
2025-04-12 15:32:48,052 [WARN] PackLoader:240 - Cannot read IP mode file for STMicroelectronics.X-CUBE-TOUCHGFX.4.23.0
2025-04-12 15:32:48,056 [WARN] PackLoader:240 - Cannot read IP mode file for STMicroelectronics.X-CUBE-TOUCHGFX.4.23.2
2025-04-12 15:32:48,114 [WARN] PackLoader:240 - Cannot read IP mode file for STMicroelectronics.X-CUBE-AZRTOS-F7.1.1.0
2025-04-12 15:32:48,136 [WARN] PackLoader:240 - Cannot read IP mode file for STMicroelectronics.FP-SNS-MOTENV1.4.3.2
2025-04-12 15:32:48,173 [INFO] WebApp:186 - Connection restablished
2025-04-12 15:32:48,300 [WARN] PackLoader:240 - Cannot read IP mode file for STMicroelectronics.X-CUBE-MEMS1.11.0.0
2025-04-12 15:32:48,406 [INFO] WebApp:220 - Starting web application
2025-04-12 15:32:48,406 [INFO] WebApp:578 - Web application path used C:\ST\STM32CubeIDE_1.16.0\STM32CubeIDE\plugins\com.st.stm32cube.common.mx_6.12.0.202406281431\db\plugins\mcufinder\reactClient1\index.html
2025-04-12 15:32:48,554 [WARN] PackLoader:240 - Cannot read IP mode file for STMicroelectronics.FP-SNS-FLIGHT1.5.0.2
2025-04-12 15:32:48,571 [WARN] PackLoader:240 - Cannot read IP mode file for STMicroelectronics.X-CUBE-DISPLAY.3.0.0
2025-04-12 15:32:48,585 [WARN] PackLoader:240 - Cannot read IP mode file for STMicroelectronics.X-CUBE-BLE1.7.0.0
2025-04-12 15:32:48,594 [WARN] PackLoader:240 - Cannot read IP mode file for STMicroelectronics.X-CUBE-NFC10.1.0.0
2025-04-12 15:32:48,611 [WARN] PackLoader:240 - Cannot read IP mode file for STMicroelectronics.X-CUBE-BLEMGR.4.0.0
2025-04-12 15:32:48,626 [WARN] PackLoader:240 - Cannot read IP mode file for emotas.I-CUBE-CANOPEN.1.3.0
2025-04-12 15:32:48,643 [WARN] PackLoader:240 - Cannot read IP mode file for STMicroelectronics.X-CUBE-BLEMGR.3.1.0
2025-04-12 15:32:48,666 [WARN] PackLoader:240 - Cannot read IP mode file for STMicroelectronics.X-CUBE-AI.10.0.0
2025-04-12 15:32:48,795 [WARN] PackLoader:240 - Cannot read IP mode file for STMicroelectronics.FP-SNS-SMARTAG2.1.2.0
2025-04-12 15:32:48,801 [ERROR] Engine:466 - C:\Users\OS\.stm32cubemx\thirdparties\pdsc\STMicroelectronics.FP-SNS-FLIGHT1.5.1.0.pdsc: PDSC version is not supported
2025-04-12 15:32:48,843 [INFO] UserAuth:417 - Internet connection configuration mode: 1
2025-04-12 15:32:48,879 [WARN] PackLoader:240 - Cannot read IP mode file for STMicroelectronics.X-CUBE-MEMS1.11.1.0
2025-04-12 15:32:49,054 [INFO] LogOutputStream:77 - [STDOUT_REDIRECT] 1 : Invalid condition id : UX_CORESTACK_Condition cause : null
2025-04-12 15:32:49,055 [INFO] LogOutputStream:77 - [STDOUT_REDIRECT] 1 : Invalid condition id : UX_CORESTACK_Condition cause : null
2025-04-12 15:32:49,056 [INFO] LogOutputStream:77 - [STDOUT_REDIRECT] 1 : Invalid condition id : UX_CORESTACK_Condition cause : null
2025-04-12 15:32:49,060 [INFO] LogOutputStream:77 - [STDOUT_REDIRECT] 1 : Invalid condition id : UX_CORESTACK_Condition cause : null
2025-04-12 15:32:49,062 [INFO] LogOutputStream:77 - [STDOUT_REDIRECT] 1 : Invalid condition id : UX_CORESTACK_Condition cause : null
2025-04-12 15:32:49,066 [WARN] PackLoader:240 - Cannot read IP mode file for STMicroelectronics.X-CUBE-AZRTOS-WL.2.0.0
2025-04-12 15:32:49,073 [WARN] PackLoader:240 - Cannot read IP mode file for STMicroelectronics.FP-SNS-MOTENV1.5.0.0
2025-04-12 15:32:49,080 [WARN] PackLoader:240 - Cannot read IP mode file for wolfSSL.I-CUBE-wolfMQTT.1.19.0
2025-04-12 15:32:49,092 [WARN] PackLoader:240 - Cannot read IP mode file for WES.I-CUBE-Cesium.1.3.0
2025-04-12 15:32:49,098 [WARN] PackLoader:240 - Cannot read IP mode file for STMicroelectronics.X-CUBE-BLE2.3.3.0
2025-04-12 15:32:49,107 [WARN] PackLoader:240 - Cannot read IP mode file for STMicroelectronics.X-CUBE-NFC9.1.0.0
2025-04-12 15:32:49,113 [WARN] PackLoader:240 - Cannot read IP mode file for STMicroelectronics.X-CUBE-BLE1.7.1.0
2025-04-12 15:32:49,134 [WARN] PackLoader:240 - Cannot read IP mode file for STMicroelectronics.X-CUBE-TCPP.4.1.0
2025-04-12 15:32:49,148 [WARN] PackLoader:240 - Cannot read IP mode file for STMicroelectronics.X-CUBE-ALGOBUILD.1.3.0
2025-04-12 15:32:49,175 [WARN] PackLoader:240 - Cannot read IP mode file for STMicroelectronics.X-CUBE-AZRTOS-G0.1.1.0
2025-04-12 15:32:49,184 [WARN] PackLoader:240 - Cannot read IP mode file for STMicroelectronics.X-CUBE-SAFEA1.1.2.2
2025-04-12 15:32:49,193 [WARN] PackLoader:240 - Cannot read IP mode file for STMicroelectronics.X-CUBE-NFC4.3.0.0
2025-04-12 15:32:49,198 [WARN] PackLoader:240 - Cannot read IP mode file for wolfSSL.I-CUBE-wolfMQTT.1.18.0
2025-04-12 15:32:49,210 [WARN] PackLoader:240 - Cannot read IP mode file for EmbeddedOffice.I-CUBE-FS-RTOS.1.0.1
2025-04-12 15:32:49,211 [ERROR] ConditionMgr:805 - Attr not supported : Dmpu
2025-04-12 15:32:49,211 [ERROR] ConditionMgr:805 - Attr not supported : Dmpu
2025-04-12 15:32:49,211 [ERROR] ConditionMgr:805 - Attr not supported : Dmpu
2025-04-12 15:32:49,211 [ERROR] ConditionMgr:805 - Attr not supported : Dmpu
2025-04-12 15:32:49,211 [ERROR] ConditionMgr:805 - Attr not supported : Dmpu
2025-04-12 15:32:49,211 [ERROR] ConditionMgr:805 - Attr not supported : Dmpu
2025-04-12 15:32:49,211 [ERROR] ConditionMgr:805 - Attr not supported : Dmpu
2025-04-12 15:32:49,211 [ERROR] ConditionMgr:805 - Attr not supported : Dmpu
2025-04-12 15:32:49,211 [ERROR] ConditionMgr:805 - Attr not supported : Dmpu
2025-04-12 15:32:49,211 [ERROR] ConditionMgr:805 - Attr not supported : Dmpu
2025-04-12 15:32:49,211 [ERROR] ConditionMgr:805 - Attr not supported : Dmpu
2025-04-12 15:32:49,212 [ERROR] ConditionMgr:805 - Attr not supported : Dmpu
2025-04-12 15:32:49,212 [ERROR] ConditionMgr:805 - Attr not supported : Dmpu
2025-04-12 15:32:49,212 [ERROR] ConditionMgr:805 - Attr not supported : Dmpu
2025-04-12 15:32:49,212 [ERROR] ConditionMgr:805 - Attr not supported : Dmpu
2025-04-12 15:32:49,212 [ERROR] ConditionMgr:805 - Attr not supported : Dmpu
2025-04-12 15:32:49,212 [ERROR] ConditionMgr:805 - Attr not supported : Dmpu
2025-04-12 15:32:49,212 [ERROR] ConditionMgr:805 - Attr not supported : Dmpu
2025-04-12 15:32:49,212 [ERROR] ConditionMgr:805 - Attr not supported : Dmpu
2025-04-12 15:32:49,212 [ERROR] ConditionMgr:805 - Attr not supported : Dmpu
2025-04-12 15:32:49,212 [ERROR] ConditionMgr:805 - Attr not supported : Dmpu
2025-04-12 15:32:49,212 [ERROR] ConditionMgr:805 - Attr not supported : Dmpu
2025-04-12 15:32:49,212 [ERROR] ConditionMgr:805 - Attr not supported : Dmpu
2025-04-12 15:32:49,212 [ERROR] ConditionMgr:805 - Attr not supported : Dmpu
2025-04-12 15:32:49,213 [ERROR] ConditionMgr:805 - Attr not supported : Dmpu
2025-04-12 15:32:49,213 [ERROR] ConditionMgr:805 - Attr not supported : Dmpu
2025-04-12 15:32:49,213 [ERROR] ConditionMgr:805 - Attr not supported : Dmpu
2025-04-12 15:32:49,213 [ERROR] ConditionMgr:805 - Attr not supported : Dmpu
2025-04-12 15:32:49,213 [ERROR] ConditionMgr:805 - Attr not supported : Dmpu
2025-04-12 15:32:49,213 [ERROR] ConditionMgr:805 - Attr not supported : Dmpu
2025-04-12 15:32:49,213 [ERROR] ConditionMgr:805 - Attr not supported : Dmpu
2025-04-12 15:32:49,213 [ERROR] ConditionMgr:805 - Attr not supported : Dmpu
2025-04-12 15:32:49,213 [ERROR] ConditionMgr:805 - Attr not supported : Dmpu
2025-04-12 15:32:49,213 [ERROR] ConditionMgr:805 - Attr not supported : Dmpu
2025-04-12 15:32:49,213 [ERROR] ConditionMgr:805 - Attr not supported : Dmpu
2025-04-12 15:32:49,213 [ERROR] ConditionMgr:805 - Attr not supported : Dmpu
2025-04-12 15:32:49,214 [ERROR] ConditionMgr:805 - Attr not supported : Dmpu
2025-04-12 15:32:49,214 [ERROR] ConditionMgr:805 - Attr not supported : Dmpu
2025-04-12 15:32:49,214 [ERROR] ConditionMgr:805 - Attr not supported : Dmpu
2025-04-12 15:32:49,214 [ERROR] ConditionMgr:805 - Attr not supported : Dmpu
2025-04-12 15:32:49,214 [ERROR] ConditionMgr:805 - Attr not supported : Dmpu
2025-04-12 15:32:49,214 [ERROR] ConditionMgr:805 - Attr not supported : Dmpu
2025-04-12 15:32:49,214 [ERROR] ConditionMgr:805 - Attr not supported : Dmpu
2025-04-12 15:32:49,214 [ERROR] ConditionMgr:805 - Attr not supported : Dmpu
2025-04-12 15:32:49,214 [ERROR] ConditionMgr:805 - Attr not supported : Dmpu
2025-04-12 15:32:49,214 [ERROR] ConditionMgr:805 - Attr not supported : Dmpu
2025-04-12 15:32:49,214 [ERROR] ConditionMgr:805 - Attr not supported : Dmpu
2025-04-12 15:32:49,215 [ERROR] ConditionMgr:805 - Attr not supported : Dmpu
2025-04-12 15:32:49,215 [ERROR] ConditionMgr:805 - Attr not supported : Dmpu
2025-04-12 15:32:49,215 [ERROR] ConditionMgr:805 - Attr not supported : Dmpu
2025-04-12 15:32:49,215 [ERROR] ConditionMgr:805 - Attr not supported : Dmpu
2025-04-12 15:32:49,215 [ERROR] ConditionMgr:805 - Attr not supported : Dmpu
2025-04-12 15:32:49,215 [ERROR] ConditionMgr:805 - Attr not supported : Dmpu
2025-04-12 15:32:49,215 [ERROR] ConditionMgr:805 - Attr not supported : Dmpu
2025-04-12 15:32:49,215 [ERROR] ConditionMgr:805 - Attr not supported : Dmpu
2025-04-12 15:32:49,215 [ERROR] ConditionMgr:805 - Attr not supported : Dmpu
2025-04-12 15:32:49,215 [ERROR] ConditionMgr:805 - Attr not supported : Dmpu
2025-04-12 15:32:49,215 [ERROR] ConditionMgr:805 - Attr not supported : Dmpu
2025-04-12 15:32:49,215 [ERROR] ConditionMgr:805 - Attr not supported : Dmpu
2025-04-12 15:32:49,215 [ERROR] ConditionMgr:805 - Attr not supported : Dmpu
2025-04-12 15:32:49,216 [ERROR] ConditionMgr:805 - Attr not supported : Dmpu
2025-04-12 15:32:49,216 [ERROR] ConditionMgr:805 - Attr not supported : Dmpu
2025-04-12 15:32:49,216 [ERROR] ConditionMgr:805 - Attr not supported : Dmpu
2025-04-12 15:32:49,216 [ERROR] ConditionMgr:805 - Attr not supported : Dmpu
2025-04-12 15:32:49,222 [ERROR] Engine:466 - C:\Users\OS\.stm32cubemx\thirdparties\pdsc\STMicroelectronics.X-CUBE-TCPP.4.2.0.pdsc: PDSC version is not supported
2025-04-12 15:32:49,230 [WARN] PackLoader:240 - Cannot read IP mode file for RealThread.X-CUBE-RT-Thread_Nano.4.1.1
2025-04-12 15:32:49,238 [WARN] PackLoader:240 - Cannot read IP mode file for STMicroelectronics.FP-ATR-SIGFOX1.3.2.0
2025-04-12 15:32:49,243 [WARN] ConditionMgr:438 - getConditionDescription Invalid condition id : Cortex-A Device cause : null
2025-04-12 15:32:49,260 [WARN] ConditionMgr:1039 - genDependencies : Invalid condition id : Cortex-A Device cause : null
2025-04-12 15:32:49,261 [WARN] ConditionMgr:1039 - genDependencies : Invalid condition id : Cortex-A Device cause : null
2025-04-12 15:32:49,261 [WARN] ConditionMgr:1039 - genDependencies : Invalid condition id : Cortex-A Device cause : null
2025-04-12 15:32:49,268 [WARN] PackLoader:240 - Cannot read IP mode file for STMicroelectronics.X-CUBE-EEPRMA1.5.1.0
2025-04-12 15:32:49,320 [WARN] PackLoader:240 - Cannot read IP mode file for SEGGER.I-CUBE-embOS.1.3.1
2025-04-12 15:32:49,391 [WARN] PackLoader:240 - Cannot read IP mode file for STMicroelectronics.X-CUBE-ALGOBUILD.1.4.0
2025-04-12 15:32:49,396 [WARN] PackLoader:240 - Cannot read IP mode file for STMicroelectronics.X-CUBE-AI.9.1.0
2025-04-12 15:32:49,413 [WARN] PackLoader:240 - Cannot read IP mode file for STMicroelectronics.X-CUBE-GNSS1.6.0.0
2025-04-12 15:32:49,434 [WARN] PackLoader:240 - Cannot read IP mode file for STMicroelectronics.X-CUBE-AZRTOS-F4.1.1.0
2025-04-12 15:32:49,445 [WARN] PackLoader:240 - Cannot read IP mode file for STMicroelectronics.X-CUBE-ISPU.2.1.0
2025-04-12 15:32:49,454 [WARN] PackLoader:240 - Cannot read IP mode file for STMicroelectronics.X-CUBE-FREERTOS.1.2.0
2025-04-12 15:32:49,459 [WARN] PackLoader:240 - Cannot read IP mode file for wolfSSL.I-CUBE-wolfSSL.5.6.6
2025-04-12 15:32:49,481 [WARN] PackLoader:240 - Cannot read IP mode file for STMicroelectronics.X-CUBE-AZRTOS-L5.2.0.0
2025-04-12 15:32:49,493 [WARN] PackLoader:240 - Cannot read IP mode file for STMicroelectronics.X-CUBE-NFC6.3.1.0
2025-04-12 15:32:49,502 [WARN] PackLoader:240 - Cannot read IP mode file for ITTIA_DB.I-CUBE-ITTIADB.8.8.0
2025-04-12 15:32:49,508 [WARN] PackLoader:240 - Cannot read IP mode file for STMicroelectronics.X-CUBE-DPower.1.2.0
2025-04-12 15:32:49,513 [WARN] PackLoader:240 - Cannot read IP mode file for STMicroelectronics.X-CUBE-AI.9.0.0
2025-04-12 15:32:49,523 [WARN] PackLoader:240 - Cannot read IP mode file for STMicroelectronics.X-CUBE-FREERTOS.1.3.0
2025-04-12 15:32:49,530 [WARN] PackLoader:240 - Cannot read IP mode file for STMicroelectronics.X-CUBE-NFC7.1.0.1
2025-04-12 15:32:49,536 [WARN] PackLoader:240 - Cannot read IP mode file for wolfSSL.I-CUBE-wolfTPM.3.2.0
2025-04-12 15:32:49,542 [WARN] PackLoader:240 - Cannot read IP mode file for STMicroelectronics.X-CUBE-DPower.1.3.0
2025-04-12 15:32:49,548 [WARN] PackLoader:240 - Cannot read IP mode file for STMicroelectronics.X-CUBE-AI.8.1.0
2025-04-12 15:32:49,576 [WARN] ConditionMgr:438 - getConditionDescription Invalid condition id : LAN8742 Phy interface Condition cause : null
2025-04-12 15:32:49,577 [WARN] PackLoader:240 - Cannot read IP mode file for STMicroelectronics.X-CUBE-AZRTOS-L4.2.0.0
2025-04-12 15:32:49,579 [WARN] ConditionMgr:1039 - genDependencies : Invalid condition id : LAN8742 Phy interface Condition cause : null
2025-04-12 15:32:49,579 [WARN] ConditionMgr:1039 - genDependencies : Invalid condition id : LAN8742 Phy interface Condition cause : null
2025-04-12 15:32:49,580 [WARN] ConditionMgr:1039 - genDependencies : Invalid condition id : LAN8742 Phy interface Condition cause : null
2025-04-12 15:32:49,590 [WARN] PackLoader:240 - Cannot read IP mode file for STMicroelectronics.X-CUBE-SFXS2LP1.4.0.0
2025-04-12 15:32:49,618 [WARN] PackLoader:240 - Cannot read IP mode file for STMicroelectronics.X-CUBE-AZRTOS-H7.3.3.0
2025-04-12 15:32:49,639 [WARN] PackLoader:240 - Cannot read IP mode file for STMicroelectronics.X-CUBE-IPS.3.0.0
2025-04-12 15:32:49,680 [WARN] ConditionMgr:438 - getConditionDescription Invalid condition id : UX DEVICE CLASS RTOS Condition cause : null
2025-04-12 15:32:49,681 [WARN] ConditionMgr:438 - getConditionDescription Invalid condition id : UX DEVICE CLASS RTOS Condition cause : null
2025-04-12 15:32:49,683 [WARN] PackLoader:240 - Cannot read IP mode file for STMicroelectronics.X-CUBE-AZRTOS-WB.2.0.0
2025-04-12 15:32:49,684 [WARN] ConditionMgr:1039 - genDependencies : Invalid condition id : UX DEVICE CLASS RTOS Condition cause : null
2025-04-12 15:32:49,685 [WARN] ConditionMgr:1039 - genDependencies : Invalid condition id : UX DEVICE CLASS RTOS Condition cause : null
2025-04-12 15:32:49,685 [WARN] ConditionMgr:1039 - genDependencies : Invalid condition id : UX DEVICE CLASS RTOS Condition cause : null
2025-04-12 15:32:49,686 [WARN] ConditionMgr:1039 - genDependencies : Invalid condition id : UX DEVICE CLASS RTOS Condition cause : null
2025-04-12 15:32:49,686 [WARN] ConditionMgr:1039 - genDependencies : Invalid condition id : UX DEVICE CLASS RTOS Condition cause : null
2025-04-12 15:32:49,693 [WARN] PackLoader:240 - Cannot read IP mode file for STMicroelectronics.X-CUBE-GNSS1.7.0.0
2025-04-12 15:32:49,702 [WARN] PackLoader:240 - Cannot read IP mode file for STMicroelectronics.X-CUBE-GNSS1.7.0.1
2025-04-12 15:32:49,710 [WARN] PackLoader:240 - Cannot read IP mode file for STMicroelectronics.X-CUBE-TOUCHGFX.4.25.0
2025-04-12 15:32:49,719 [WARN] PackLoader:240 - Cannot read IP mode file for STMicroelectronics.FP-SNS-STBOX1.2.0.0
2025-04-12 15:32:49,734 [WARN] PackLoader:240 - Cannot read IP mode file for STMicroelectronics.X-CUBE-SUBG2.5.0.0
2025-04-12 15:32:49,764 [WARN] PackLoader:240 - Cannot read IP mode file for STMicroelectronics.X-CUBE-AZRTOS-H7RS.1.1.0
2025-04-12 15:32:49,773 [WARN] PackLoader:240 - Cannot read IP mode file for Cesanta.I-CUBE-Mongoose.7.13.0
2025-04-12 15:32:49,796 [WARN] PackLoader:240 - Cannot read IP mode file for STMicroelectronics.X-CUBE-AZRTOS-G4.2.0.0
2025-04-12 15:32:49,814 [WARN] PackLoader:240 - Cannot read IP mode file for Infineon.AIROC-Wi-Fi-Bluetooth-STM32.1.5.1
2025-04-12 15:32:49,826 [WARN] PackLoader:240 - Cannot read IP mode file for STMicroelectronics.FP-SNS-MOTENVWB1.1.3.1
2025-04-12 15:32:49,831 [WARN] PackLoader:240 - Cannot read IP mode file for STMicroelectronics.X-CUBE-ISPU.2.0.0
2025-04-12 15:32:49,843 [ERROR] Engine:466 - C:\Users\OS\.stm32cubemx\thirdparties\pdsc\STMicroelectronics.X-CUBE-IPS.3.1.0.pdsc: PDSC version is not supported
2025-04-12 15:32:49,848 [WARN] PackLoader:240 - Cannot read IP mode file for STMicroelectronics.X-CUBE-ALS.1.0.2
2025-04-12 15:32:49,910 [WARN] PackLoader:240 - Cannot read IP mode file for STMicroelectronics.X-CUBE-MEMS1.10.0.0
2025-04-12 15:32:50,076 [WARN] PackLoader:240 - Cannot read IP mode file for STMicroelectronics.X-CUBE-FREERTOS.1.1.0
2025-04-12 15:32:50,079 [WARN] PackLoader:240 - Cannot read IP mode file for STMicroelectronics.X-CUBE-TOUCHGFX.4.24.0
2025-04-12 15:32:50,083 [WARN] PackLoader:240 - Cannot read IP mode file for STMicroelectronics.X-CUBE-TOUCHGFX.4.24.2
2025-04-12 15:32:50,090 [WARN] PackLoader:240 - Cannot read IP mode file for STMicroelectronics.X-CUBE-TOUCHGFX.4.24.1
2025-04-12 15:32:50,097 [WARN] PackLoader:240 - Cannot read IP mode file for portGmbH.I-Cube-SoM-uGOAL.1.1.0
2025-04-12 15:32:50,101 [WARN] PackLoader:240 - Cannot read IP mode file for STMicroelectronics.X-CUBE-ALS.1.0.1
2025-04-12 15:32:50,125 [WARN] PackLoader:240 - Cannot read IP mode file for STMicroelectronics.X-CUBE-AZRTOS-H7RS.1.0.0
2025-04-12 15:32:50,133 [WARN] PackLoader:240 - Cannot read IP mode file for STMicroelectronics.FP-ATR-ASTRA1.2.0.0
2025-04-12 15:32:50,145 [WARN] PackLoader:240 - Cannot read IP mode file for STMicroelectronics.X-CUBE-TOF1.3.4.2
2025-04-12 15:32:50,170 [WARN] PackLoader:240 - Cannot read IP mode file for STMicroelectronics.X-CUBE-TOF1.3.4.1
2025-04-12 15:32:50,204 [WARN] PackLoader:240 - Cannot read IP mode file for STMicroelectronics.X-CUBE-AZRTOS-H7.3.2.0
2025-04-12 15:32:50,214 [WARN] PackLoader:240 - Cannot read IP mode file for wolfSSL.I-CUBE-wolfSSH.1.4.17
2025-04-12 15:32:50,216 [INFO] ThirdParty:978 - Integrity check success = true
2025-04-12 15:32:50,216 [INFO] IntegrityCheckThread:100 - exiting critical section [integrity check]
2025-04-12 15:32:50,216 [INFO] IntegrityCheckThread:103 - End integrity checks thread
2025-04-12 15:32:58,578 [ERROR] LogOutputStream:75 - [STDERR_REDIRECT] 
